<?xml version="1.0" encoding="utf-8"?>
<CoverageSession xmlns:xsd="http://www.w3.org/2001/XMLSchema" xmlns:xsi="http://www.w3.org/2001/XMLSchema-instance" Version="4.6.0.0">
  <Summary numSequencePoints="547" visitedSequencePoints="342" numBranchPoints="126" visitedBranchPoints="65" sequenceCoverage="62.52" branchCoverage="51.59" maxCyclomaticComplexity="14" minCyclomaticComplexity="1" maxCrapScore="157.55" minCrapScore="1.00" visitedClasses="21" numClasses="24" visitedMethods="36" numMethods="48" />
  <Modules>
    <Module hash="F3-8A-BC-5E-39-73-4C-A0-52-E9-71-7D-64-86-3A-26-D1-4F-BF-67">
      <Summary numSequencePoints="4" visitedSequencePoints="3" numBranchPoints="1" visitedBranchPoints="1" sequenceCoverage="75" branchCoverage="100" maxCyclomaticComplexity="1" minCyclomaticComplexity="1" maxCrapScore="2" minCrapScore="1.02" visitedClasses="1" numClasses="1" visitedMethods="1" numMethods="1" />
      <ModulePath>C:\Users\320068391\source\repos\StaticAnalyzerWebServiceSolution\FxCopDataParserLib.Test\bin\Debug\FxCopDataParserLib.Test.dll</ModulePath>
      <ModuleTime>2019-09-18T06:47:39.2895446Z</ModuleTime>
      <ModuleName>FxCopDataParserLib.Test</ModuleName>
      <Files>
        <File uid="1" fullPath="C:\Users\320068391\source\repos\StaticAnalyzerWebServiceSolution\FxCopDataParserLib.Test\FxCopDataParserLibUnitTest.cs" />
      </Files>
      <Classes>
        <Class>
          <Summary numSequencePoints="4" visitedSequencePoints="3" numBranchPoints="1" visitedBranchPoints="1" sequenceCoverage="75" branchCoverage="100" maxCyclomaticComplexity="1" minCyclomaticComplexity="1" maxCrapScore="2" minCrapScore="1.02" visitedClasses="1" numClasses="1" visitedMethods="1" numMethods="1" />
          <FullName>FxCopDataParserLib.Test.FxCopDataParserLibUnitTest</FullName>
          <Methods>
            <Method visited="true" cyclomaticComplexity="1" nPathComplexity="0" sequenceCoverage="75" branchCoverage="100" crapScore="1.02" isConstructor="false" isStatic="false" isGetter="false" isSetter="false">
              <Summary numSequencePoints="4" visitedSequencePoints="3" numBranchPoints="1" visitedBranchPoints="1" sequenceCoverage="75" branchCoverage="100" maxCyclomaticComplexity="1" minCyclomaticComplexity="1" maxCrapScore="1.02" minCrapScore="1.02" visitedClasses="0" numClasses="0" visitedMethods="1" numMethods="1" />
              <MetadataToken>100663297</MetadataToken>
              <Name>System.Void FxCopDataParserLib.Test.FxCopDataParserLibUnitTest::GivenFile_WhenLoadInvoked_ExptectedFileNotFound()</Name>
              <FileRef uid="1" />
              <SequencePoints>
                <SequencePoint vc="1" uspid="1" ordinal="0" offset="0" sl="12" sc="9" el="12" ec="10" bec="0" bev="0" fileid="1">
                  <TrackedMethodRefs>
                    <TrackedMethodRef uid="1" vc="1" />
                  </TrackedMethodRefs>
                </SequencePoint>
                <SequencePoint vc="1" uspid="2" ordinal="1" offset="1" sl="13" sc="13" el="13" ec="69" bec="0" bev="0" fileid="1">
                  <TrackedMethodRefs>
                    <TrackedMethodRef uid="1" vc="1" />
                  </TrackedMethodRefs>
                </SequencePoint>
                <SequencePoint vc="1" uspid="3" ordinal="2" offset="7" sl="14" sc="13" el="14" ec="42" bec="0" bev="0" fileid="1">
                  <TrackedMethodRefs>
                    <TrackedMethodRef uid="1" vc="1" />
                  </TrackedMethodRefs>
                </SequencePoint>
                <SequencePoint vc="0" uspid="4" ordinal="3" offset="19" sl="15" sc="9" el="15" ec="10" bec="0" bev="0" fileid="1" />
              </SequencePoints>
              <BranchPoints />
              <MethodPoint xsi:type="SequencePoint" vc="1" uspid="1" ordinal="0" offset="0" sl="12" sc="9" el="12" ec="10" bec="0" bev="0" fileid="1">
                <TrackedMethodRefs>
                  <TrackedMethodRef uid="1" vc="1" />
                </TrackedMethodRefs>
              </MethodPoint>
            </Method>
            <Method visited="false" cyclomaticComplexity="1" nPathComplexity="0" sequenceCoverage="0" branchCoverage="0" crapScore="2" isConstructor="true" isStatic="false" isGetter="false" isSetter="false">
              <Summary numSequencePoints="0" visitedSequencePoints="0" numBranchPoints="0" visitedBranchPoints="0" sequenceCoverage="0" branchCoverage="0" maxCyclomaticComplexity="1" minCyclomaticComplexity="1" maxCrapScore="2" minCrapScore="2" visitedClasses="0" numClasses="0" visitedMethods="0" numMethods="0" />
              <MetadataToken>100663298</MetadataToken>
              <Name>System.Void FxCopDataParserLib.Test.FxCopDataParserLibUnitTest::.ctor()</Name>
              <SequencePoints />
              <BranchPoints />
              <MethodPoint vc="0" uspid="5" ordinal="0" offset="0" />
            </Method>
          </Methods>
        </Class>
      </Classes>
      <TrackedMethods>
        <TrackedMethod uid="1" token="100663297" name="System.Void FxCopDataParserLib.Test.FxCopDataParserLibUnitTest::GivenFile_WhenLoadInvoked_ExptectedFileNotFound()" strategy="MSTestTest" />
      </TrackedMethods>
    </Module>
    <Module hash="6D-AB-1B-3A-9B-77-15-94-7E-8A-4A-CF-A6-65-5A-99-EE-C4-DB-2C">
      <Summary numSequencePoints="88" visitedSequencePoints="14" numBranchPoints="25" visitedBranchPoints="2" sequenceCoverage="15.91" branchCoverage="8" maxCyclomaticComplexity="14" minCyclomaticComplexity="1" maxCrapScore="157.55" minCrapScore="2" visitedClasses="1" numClasses="2" visitedMethods="2" numMethods="3" />
      <ModulePath>C:\Users\320068391\source\repos\StaticAnalyzerWebServiceSolution\FxCopDataParserLib.Test\bin\Debug\FxCopDataParserLib.dll</ModulePath>
      <ModuleTime>2019-09-18T06:47:36.2716208Z</ModuleTime>
      <ModuleName>FxCopDataParserLib</ModuleName>
      <Files>
        <File uid="3" fullPath="C:\Users\320068391\source\repos\StaticAnalyzerWebServiceSolution\FxCopDataParserLib\FxCopDataParser.cs" />
      </Files>
      <Classes>
        <Class>
          <Summary numSequencePoints="87" visitedSequencePoints="14" numBranchPoints="24" visitedBranchPoints="2" sequenceCoverage="16.09" branchCoverage="8.33" maxCyclomaticComplexity="14" minCyclomaticComplexity="1" maxCrapScore="157.55" minCrapScore="2" visitedClasses="1" numClasses="1" visitedMethods="2" numMethods="2" />
          <FullName>FxCopDataParserLib.FxCopDataParser</FullName>
          <Methods>
            <Method visited="true" cyclomaticComplexity="2" nPathComplexity="0" sequenceCoverage="43.75" branchCoverage="100" crapScore="2.71" isConstructor="false" isStatic="false" isGetter="false" isSetter="false">
              <Summary numSequencePoints="16" visitedSequencePoints="7" numBranchPoints="1" visitedBranchPoints="1" sequenceCoverage="43.75" branchCoverage="100" maxCyclomaticComplexity="2" minCyclomaticComplexity="2" maxCrapScore="2.71" minCrapScore="2.71" visitedClasses="0" numClasses="0" visitedMethods="1" numMethods="1" />
              <MetadataToken>100663297</MetadataToken>
              <Name>System.String FxCopDataParserLib.FxCopDataParser::GenerateMinimalXml(System.String)</Name>
              <FileRef uid="3" />
              <SequencePoints>
                <SequencePoint vc="1" uspid="6" ordinal="0" offset="0" sl="31" sc="9" el="31" ec="10" bec="0" bev="0" fileid="3">
                  <TrackedMethodRefs>
                    <TrackedMethodRef uid="1" vc="1" />
                  </TrackedMethodRefs>
                </SequencePoint>
                <SequencePoint vc="1" uspid="7" ordinal="1" offset="1" sl="33" sc="13" el="33" ec="14" bec="0" bev="0" fileid="3">
                  <TrackedMethodRefs>
                    <TrackedMethodRef uid="1" vc="1" />
                  </TrackedMethodRefs>
                </SequencePoint>
                <SequencePoint vc="1" uspid="8" ordinal="2" offset="2" sl="34" sc="17" el="34" ec="58" bec="0" bev="0" fileid="3">
                  <TrackedMethodRefs>
                    <TrackedMethodRef uid="1" vc="1" />
                  </TrackedMethodRefs>
                </SequencePoint>
                <SequencePoint vc="0" uspid="9" ordinal="3" offset="9" sl="35" sc="17" el="37" ec="27" bec="0" bev="0" fileid="3" />
                <SequencePoint vc="0" uspid="10" ordinal="4" offset="62" sl="39" sc="17" el="39" ec="71" bec="0" bev="0" fileid="3" />
                <SequencePoint vc="0" uspid="11" ordinal="5" offset="68" sl="40" sc="17" el="40" ec="58" bec="0" bev="0" fileid="3" />
                <SequencePoint vc="0" uspid="12" ordinal="6" offset="75" sl="41" sc="17" el="41" ec="86" bec="0" bev="0" fileid="3" />
                <SequencePoint vc="0" uspid="13" ordinal="7" offset="92" sl="42" sc="17" el="42" ec="66" bec="0" bev="0" fileid="3" />
                <SequencePoint vc="0" uspid="14" ordinal="8" offset="100" sl="43" sc="17" el="43" ec="59" bec="0" bev="0" fileid="3" />
                <SequencePoint vc="0" uspid="15" ordinal="9" offset="111" sl="44" sc="17" el="44" ec="36" bec="0" bev="0" fileid="3" />
                <SequencePoint vc="0" uspid="16" ordinal="10" offset="119" sl="45" sc="17" el="45" ec="31" bec="0" bev="0" fileid="3" />
                <SequencePoint vc="1" uspid="17" ordinal="11" offset="124" sl="47" sc="13" el="47" ec="32" bec="0" bev="0" fileid="3">
                  <TrackedMethodRefs>
                    <TrackedMethodRef uid="1" vc="1" />
                  </TrackedMethodRefs>
                </SequencePoint>
                <SequencePoint vc="1" uspid="18" ordinal="12" offset="126" sl="48" sc="13" el="48" ec="14" bec="0" bev="0" fileid="3">
                  <TrackedMethodRefs>
                    <TrackedMethodRef uid="1" vc="1" />
                  </TrackedMethodRefs>
                </SequencePoint>
                <SequencePoint vc="1" uspid="19" ordinal="13" offset="127" sl="49" sc="17" el="49" ec="38" bec="0" bev="0" fileid="3">
                  <TrackedMethodRefs>
                    <TrackedMethodRef uid="1" vc="1" />
                  </TrackedMethodRefs>
                </SequencePoint>
                <SequencePoint vc="1" uspid="20" ordinal="14" offset="135" sl="50" sc="17" el="50" ec="51" bec="0" bev="0" fileid="3">
                  <TrackedMethodRefs>
                    <TrackedMethodRef uid="1" vc="1" />
                  </TrackedMethodRefs>
                </SequencePoint>
                <SequencePoint vc="0" uspid="21" ordinal="15" offset="141" sl="53" sc="9" el="53" ec="10" bec="0" bev="0" fileid="3" />
              </SequencePoints>
              <BranchPoints />
              <MethodPoint xsi:type="SequencePoint" vc="1" uspid="6" ordinal="0" offset="0" sl="31" sc="9" el="31" ec="10" bec="0" bev="0" fileid="3">
                <TrackedMethodRefs>
                  <TrackedMethodRef uid="1" vc="1" />
                </TrackedMethodRefs>
              </MethodPoint>
            </Method>
            <Method visited="true" cyclomaticComplexity="14" nPathComplexity="2048" sequenceCoverage="9.86" branchCoverage="4.35" crapScore="157.55" isConstructor="false" isStatic="false" isGetter="false" isSetter="false">
              <Summary numSequencePoints="71" visitedSequencePoints="7" numBranchPoints="23" visitedBranchPoints="1" sequenceCoverage="9.86" branchCoverage="4.35" maxCyclomaticComplexity="14" minCyclomaticComplexity="14" maxCrapScore="157.55" minCrapScore="157.55" visitedClasses="0" numClasses="0" visitedMethods="1" numMethods="1" />
              <MetadataToken>100663298</MetadataToken>
              <Name>System.Collections.Generic.List`1&lt;ToolOutputDataFormatLib.ToolOutputDataFormat&gt; FxCopDataParserLib.FxCopDataParser::Parse(System.String)</Name>
              <FileRef uid="3" />
              <SequencePoints>
                <SequencePoint vc="1" uspid="24" ordinal="0" offset="0" sl="66" sc="9" el="66" ec="10" bec="0" bev="0" fileid="3">
                  <TrackedMethodRefs>
                    <TrackedMethodRef uid="1" vc="1" />
                  </TrackedMethodRefs>
                </SequencePoint>
                <SequencePoint vc="1" uspid="25" ordinal="1" offset="1" sl="68" sc="13" el="68" ec="14" bec="0" bev="0" fileid="3">
                  <TrackedMethodRefs>
                    <TrackedMethodRef uid="1" vc="1" />
                  </TrackedMethodRefs>
                </SequencePoint>
                <SequencePoint vc="1" uspid="26" ordinal="2" offset="2" sl="70" sc="17" el="70" ec="53" bec="0" bev="0" fileid="3">
                  <TrackedMethodRefs>
                    <TrackedMethodRef uid="1" vc="1" />
                  </TrackedMethodRefs>
                </SequencePoint>
                <SequencePoint vc="1" uspid="27" ordinal="3" offset="8" sl="71" sc="17" el="71" ec="56" bec="0" bev="0" fileid="3">
                  <TrackedMethodRefs>
                    <TrackedMethodRef uid="1" vc="1" />
                  </TrackedMethodRefs>
                </SequencePoint>
                <SequencePoint vc="0" uspid="28" ordinal="4" offset="22" sl="72" sc="17" el="72" ec="89" bec="0" bev="0" fileid="3" />
                <SequencePoint vc="0" uspid="29" ordinal="5" offset="28" sl="74" sc="17" el="74" ec="24" bec="0" bev="0" fileid="3" />
                <SequencePoint vc="0" uspid="30" ordinal="6" offset="29" sl="74" sc="42" el="74" ec="75" bec="0" bev="0" fileid="3" />
                <SequencePoint vc="0" uspid="31" ordinal="7" offset="51" sl="74" sc="26" el="74" ec="38" bec="0" bev="0" fileid="3" />
                <SequencePoint vc="0" uspid="32" ordinal="8" offset="63" sl="75" sc="17" el="75" ec="18" bec="0" bev="0" fileid="3" />
                <SequencePoint vc="0" uspid="33" ordinal="9" offset="64" sl="76" sc="21" el="76" ec="41" bec="0" bev="0" fileid="3" />
                <SequencePoint vc="0" uspid="34" ordinal="10" offset="71" sl="76" sc="43" el="76" ec="55" bec="0" bev="0" fileid="3" />
                <SequencePoint vc="0" uspid="35" ordinal="11" offset="78" sl="76" sc="57" el="76" ec="70" bec="0" bev="0" fileid="3" />
                <SequencePoint vc="0" uspid="36" ordinal="12" offset="85" sl="76" sc="72" el="76" ec="79" bec="0" bev="0" fileid="3" />
                <SequencePoint vc="0" uspid="37" ordinal="13" offset="92" sl="76" sc="81" el="76" ec="95" bec="0" bev="0" fileid="3" />
                <SequencePoint vc="0" uspid="38" ordinal="14" offset="99" sl="78" sc="21" el="78" ec="72" bec="2" bev="0" fileid="3" />
                <SequencePoint vc="0" uspid="39" ordinal="15" offset="129" sl="79" sc="21" el="79" ec="22" bec="0" bev="0" fileid="3" />
                <SequencePoint vc="0" uspid="40" ordinal="16" offset="130" sl="80" sc="25" el="80" ec="81" bec="0" bev="0" fileid="3" />
                <SequencePoint vc="0" uspid="41" ordinal="17" offset="158" sl="81" sc="21" el="81" ec="22" bec="0" bev="0" fileid="3" />
                <SequencePoint vc="0" uspid="42" ordinal="18" offset="159" sl="82" sc="21" el="82" ec="71" bec="2" bev="0" fileid="3" />
                <SequencePoint vc="0" uspid="43" ordinal="19" offset="189" sl="83" sc="21" el="83" ec="22" bec="0" bev="0" fileid="3" />
                <SequencePoint vc="0" uspid="44" ordinal="20" offset="190" sl="84" sc="25" el="84" ec="79" bec="0" bev="0" fileid="3" />
                <SequencePoint vc="0" uspid="45" ordinal="21" offset="218" sl="85" sc="21" el="85" ec="22" bec="0" bev="0" fileid="3" />
                <SequencePoint vc="0" uspid="46" ordinal="22" offset="219" sl="86" sc="21" el="86" ec="72" bec="2" bev="0" fileid="3" />
                <SequencePoint vc="0" uspid="47" ordinal="23" offset="249" sl="87" sc="21" el="87" ec="22" bec="0" bev="0" fileid="3" />
                <SequencePoint vc="0" uspid="48" ordinal="24" offset="250" sl="88" sc="25" el="88" ec="81" bec="0" bev="0" fileid="3" />
                <SequencePoint vc="0" uspid="49" ordinal="25" offset="278" sl="89" sc="21" el="89" ec="22" bec="0" bev="0" fileid="3" />
                <SequencePoint vc="0" uspid="50" ordinal="26" offset="279" sl="90" sc="21" el="90" ec="66" bec="2" bev="0" fileid="3" />
                <SequencePoint vc="0" uspid="51" ordinal="27" offset="309" sl="91" sc="21" el="91" ec="22" bec="0" bev="0" fileid="3" />
                <SequencePoint vc="0" uspid="52" ordinal="28" offset="310" sl="92" sc="25" el="92" ec="69" bec="0" bev="0" fileid="3" />
                <SequencePoint vc="0" uspid="53" ordinal="29" offset="338" sl="93" sc="21" el="93" ec="22" bec="0" bev="0" fileid="3" />
                <SequencePoint vc="0" uspid="54" ordinal="30" offset="339" sl="95" sc="21" el="95" ec="37" bec="0" bev="0" fileid="3" />
                <SequencePoint vc="0" uspid="55" ordinal="31" offset="346" sl="95" sc="39" el="95" ec="48" bec="0" bev="0" fileid="3" />
                <SequencePoint vc="0" uspid="56" ordinal="32" offset="353" sl="95" sc="50" el="95" ec="59" bec="0" bev="0" fileid="3" />
                <SequencePoint vc="0" uspid="57" ordinal="33" offset="360" sl="95" sc="61" el="95" ec="70" bec="0" bev="0" fileid="3" />
                <SequencePoint vc="0" uspid="58" ordinal="34" offset="367" sl="95" sc="72" el="95" ec="82" bec="0" bev="0" fileid="3" />
                <SequencePoint vc="0" uspid="59" ordinal="35" offset="374" sl="97" sc="21" el="97" ec="58" bec="2" bev="0" fileid="3" />
                <SequencePoint vc="0" uspid="60" ordinal="36" offset="399" sl="98" sc="21" el="98" ec="22" bec="0" bev="0" fileid="3" />
                <SequencePoint vc="0" uspid="61" ordinal="37" offset="400" sl="99" sc="25" el="99" ec="64" bec="0" bev="0" fileid="3" />
                <SequencePoint vc="0" uspid="62" ordinal="38" offset="423" sl="101" sc="21" el="101" ec="22" bec="0" bev="0" fileid="3" />
                <SequencePoint vc="0" uspid="63" ordinal="39" offset="424" sl="102" sc="21" el="102" ec="57" bec="2" bev="0" fileid="3" />
                <SequencePoint vc="0" uspid="64" ordinal="40" offset="449" sl="103" sc="21" el="103" ec="22" bec="0" bev="0" fileid="3" />
                <SequencePoint vc="0" uspid="65" ordinal="41" offset="450" sl="104" sc="25" el="104" ec="62" bec="0" bev="0" fileid="3" />
                <SequencePoint vc="0" uspid="66" ordinal="42" offset="473" sl="105" sc="25" el="105" ec="43" bec="0" bev="0" fileid="3" />
                <SequencePoint vc="0" uspid="67" ordinal="43" offset="487" sl="107" sc="21" el="107" ec="22" bec="0" bev="0" fileid="3" />
                <SequencePoint vc="0" uspid="68" ordinal="44" offset="488" sl="109" sc="21" el="109" ec="57" bec="2" bev="0" fileid="3" />
                <SequencePoint vc="0" uspid="69" ordinal="45" offset="513" sl="110" sc="21" el="110" ec="22" bec="0" bev="0" fileid="3" />
                <SequencePoint vc="0" uspid="70" ordinal="46" offset="514" sl="111" sc="25" el="111" ec="62" bec="0" bev="0" fileid="3" />
                <SequencePoint vc="0" uspid="71" ordinal="47" offset="537" sl="112" sc="25" el="112" ec="44" bec="0" bev="0" fileid="3" />
                <SequencePoint vc="0" uspid="72" ordinal="48" offset="551" sl="114" sc="21" el="114" ec="22" bec="0" bev="0" fileid="3" />
                <SequencePoint vc="0" uspid="73" ordinal="49" offset="552" sl="115" sc="21" el="115" ec="57" bec="2" bev="0" fileid="3" />
                <SequencePoint vc="0" uspid="74" ordinal="50" offset="577" sl="116" sc="21" el="116" ec="22" bec="0" bev="0" fileid="3" />
                <SequencePoint vc="0" uspid="75" ordinal="51" offset="578" sl="117" sc="25" el="117" ec="62" bec="0" bev="0" fileid="3" />
                <SequencePoint vc="0" uspid="76" ordinal="52" offset="601" sl="119" sc="21" el="119" ec="22" bec="0" bev="0" fileid="3" />
                <SequencePoint vc="0" uspid="77" ordinal="53" offset="602" sl="120" sc="21" el="120" ec="57" bec="2" bev="0" fileid="3" />
                <SequencePoint vc="0" uspid="78" ordinal="54" offset="627" sl="121" sc="21" el="121" ec="22" bec="0" bev="0" fileid="3" />
                <SequencePoint vc="0" uspid="79" ordinal="55" offset="628" sl="122" sc="25" el="122" ec="62" bec="0" bev="0" fileid="3" />
                <SequencePoint vc="0" uspid="80" ordinal="56" offset="651" sl="124" sc="21" el="124" ec="22" bec="0" bev="0" fileid="3" />
                <SequencePoint vc="0" uspid="81" ordinal="57" offset="652" sl="125" sc="21" el="125" ec="48" bec="2" bev="0" fileid="3" />
                <SequencePoint vc="0" uspid="82" ordinal="58" offset="667" sl="126" sc="21" el="126" ec="22" bec="0" bev="0" fileid="3" />
                <SequencePoint vc="0" uspid="83" ordinal="59" offset="668" sl="128" sc="25" el="128" ec="52" bec="0" bev="0" fileid="3" />
                <SequencePoint vc="0" uspid="84" ordinal="60" offset="676" sl="129" sc="25" el="129" ec="53" bec="2" bev="0" fileid="3" />
                <SequencePoint vc="0" uspid="85" ordinal="61" offset="694" sl="130" sc="29" el="130" ec="69" bec="0" bev="0" fileid="3" />
                <SequencePoint vc="0" uspid="86" ordinal="62" offset="713" sl="131" sc="21" el="131" ec="22" bec="0" bev="0" fileid="3" />
                <SequencePoint vc="0" uspid="87" ordinal="63" offset="714" sl="133" sc="21" el="133" ec="147" bec="0" bev="0" fileid="3" />
                <SequencePoint vc="0" uspid="88" ordinal="64" offset="761" sl="135" sc="17" el="135" ec="18" bec="0" bev="0" fileid="3" />
                <SequencePoint vc="0" uspid="89" ordinal="65" offset="762" sl="74" sc="39" el="74" ec="41" bec="0" bev="0" fileid="3" />
                <SequencePoint vc="0" uspid="90" ordinal="66" offset="796" sl="136" sc="17" el="136" ec="34" bec="0" bev="0" fileid="3" />
                <SequencePoint vc="1" uspid="91" ordinal="67" offset="801" sl="138" sc="13" el="138" ec="32" bec="0" bev="0" fileid="3">
                  <TrackedMethodRefs>
                    <TrackedMethodRef uid="1" vc="1" />
                  </TrackedMethodRefs>
                </SequencePoint>
                <SequencePoint vc="1" uspid="92" ordinal="68" offset="803" sl="139" sc="13" el="139" ec="14" bec="0" bev="0" fileid="3">
                  <TrackedMethodRefs>
                    <TrackedMethodRef uid="1" vc="1" />
                  </TrackedMethodRefs>
                </SequencePoint>
                <SequencePoint vc="1" uspid="93" ordinal="69" offset="804" sl="140" sc="17" el="140" ec="81" bec="0" bev="0" fileid="3">
                  <TrackedMethodRefs>
                    <TrackedMethodRef uid="1" vc="1" />
                  </TrackedMethodRefs>
                </SequencePoint>
                <SequencePoint vc="0" uspid="94" ordinal="70" offset="822" sl="143" sc="9" el="143" ec="10" bec="0" bev="0" fileid="3" />
              </SequencePoints>
              <BranchPoints>
                <BranchPoint vc="0" uspid="95" ordinal="0" offset="127" sl="78" path="0" offsetend="129" fileid="3" />
                <BranchPoint vc="0" uspid="96" ordinal="1" offset="127" sl="78" path="1" offsetend="159" fileid="3" />
                <BranchPoint vc="0" uspid="97" ordinal="2" offset="187" sl="82" path="0" offsetend="189" fileid="3" />
                <BranchPoint vc="0" uspid="98" ordinal="3" offset="187" sl="82" path="1" offsetend="219" fileid="3" />
                <BranchPoint vc="0" uspid="99" ordinal="4" offset="247" sl="86" path="0" offsetend="249" fileid="3" />
                <BranchPoint vc="0" uspid="100" ordinal="5" offset="247" sl="86" path="1" offsetend="279" fileid="3" />
                <BranchPoint vc="0" uspid="101" ordinal="6" offset="307" sl="90" path="0" offsetend="309" fileid="3" />
                <BranchPoint vc="0" uspid="102" ordinal="7" offset="307" sl="90" path="1" offsetend="339" fileid="3" />
                <BranchPoint vc="0" uspid="103" ordinal="8" offset="397" sl="97" path="0" offsetend="399" fileid="3" />
                <BranchPoint vc="0" uspid="104" ordinal="9" offset="397" sl="97" path="1" offsetend="424" fileid="3" />
                <BranchPoint vc="0" uspid="105" ordinal="10" offset="447" sl="102" path="0" offsetend="449" fileid="3" />
                <BranchPoint vc="0" uspid="106" ordinal="11" offset="447" sl="102" path="1" offsetend="488" fileid="3" />
                <BranchPoint vc="0" uspid="107" ordinal="12" offset="511" sl="109" path="0" offsetend="513" fileid="3" />
                <BranchPoint vc="0" uspid="108" ordinal="13" offset="511" sl="109" path="1" offsetend="552" fileid="3" />
                <BranchPoint vc="0" uspid="109" ordinal="14" offset="575" sl="115" path="0" offsetend="577" fileid="3" />
                <BranchPoint vc="0" uspid="110" ordinal="15" offset="575" sl="115" path="1" offsetend="602" fileid="3" />
                <BranchPoint vc="0" uspid="111" ordinal="16" offset="625" sl="120" path="0" offsetend="627" fileid="3" />
                <BranchPoint vc="0" uspid="112" ordinal="17" offset="625" sl="120" path="1" offsetend="652" fileid="3" />
                <BranchPoint vc="0" uspid="113" ordinal="18" offset="665" sl="125" path="0" offsetend="667" fileid="3" />
                <BranchPoint vc="0" uspid="114" ordinal="19" offset="665" sl="125" path="1" offsetend="714" fileid="3" />
                <BranchPoint vc="0" uspid="115" ordinal="20" offset="692" sl="129" path="0" offsetend="694" fileid="3" />
                <BranchPoint vc="0" uspid="116" ordinal="21" offset="692" sl="129" path="1" offsetend="713" fileid="3" />
              </BranchPoints>
              <MethodPoint xsi:type="SequencePoint" vc="1" uspid="24" ordinal="0" offset="0" sl="66" sc="9" el="66" ec="10" bec="0" bev="0" fileid="3">
                <TrackedMethodRefs>
                  <TrackedMethodRef uid="1" vc="1" />
                </TrackedMethodRefs>
              </MethodPoint>
            </Method>
            <Method visited="false" cyclomaticComplexity="1" nPathComplexity="0" sequenceCoverage="0" branchCoverage="0" crapScore="2" isConstructor="true" isStatic="false" isGetter="false" isSetter="false">
              <Summary numSequencePoints="0" visitedSequencePoints="0" numBranchPoints="0" visitedBranchPoints="0" sequenceCoverage="0" branchCoverage="0" maxCyclomaticComplexity="1" minCyclomaticComplexity="1" maxCrapScore="2" minCrapScore="2" visitedClasses="0" numClasses="0" visitedMethods="0" numMethods="0" />
              <MetadataToken>100663299</MetadataToken>
              <Name>System.Void FxCopDataParserLib.FxCopDataParser::.ctor()</Name>
              <SequencePoints />
              <BranchPoints />
              <MethodPoint vc="0" uspid="119" ordinal="0" offset="0" />
            </Method>
          </Methods>
        </Class>
        <Class>
          <Summary numSequencePoints="1" visitedSequencePoints="0" numBranchPoints="1" visitedBranchPoints="0" sequenceCoverage="0" branchCoverage="0" maxCyclomaticComplexity="1" minCyclomaticComplexity="1" maxCrapScore="2" minCrapScore="2" visitedClasses="0" numClasses="1" visitedMethods="0" numMethods="1" />
          <FullName>FxCopDataParserLib.FxCopDataParser/&lt;&gt;c</FullName>
          <Methods>
            <Method visited="false" cyclomaticComplexity="1" nPathComplexity="0" sequenceCoverage="0" branchCoverage="0" crapScore="2" isConstructor="true" isStatic="true" isGetter="false" isSetter="false">
              <Summary numSequencePoints="0" visitedSequencePoints="0" numBranchPoints="0" visitedBranchPoints="0" sequenceCoverage="0" branchCoverage="0" maxCyclomaticComplexity="1" minCyclomaticComplexity="1" maxCrapScore="2" minCrapScore="2" visitedClasses="0" numClasses="0" visitedMethods="0" numMethods="0" />
              <MetadataToken>100663300</MetadataToken>
              <Name>System.Void FxCopDataParserLib.FxCopDataParser/&lt;&gt;c::.cctor()</Name>
              <SequencePoints />
              <BranchPoints />
              <MethodPoint vc="0" uspid="120" ordinal="0" offset="0" />
            </Method>
            <Method visited="false" cyclomaticComplexity="1" nPathComplexity="0" sequenceCoverage="0" branchCoverage="0" crapScore="2" isConstructor="true" isStatic="false" isGetter="false" isSetter="false">
              <Summary numSequencePoints="0" visitedSequencePoints="0" numBranchPoints="0" visitedBranchPoints="0" sequenceCoverage="0" branchCoverage="0" maxCyclomaticComplexity="1" minCyclomaticComplexity="1" maxCrapScore="2" minCrapScore="2" visitedClasses="0" numClasses="0" visitedMethods="0" numMethods="0" />
              <MetadataToken>100663301</MetadataToken>
              <Name>System.Void FxCopDataParserLib.FxCopDataParser/&lt;&gt;c::.ctor()</Name>
              <SequencePoints />
              <BranchPoints />
              <MethodPoint vc="0" uspid="121" ordinal="0" offset="0" />
            </Method>
            <Method visited="false" cyclomaticComplexity="1" nPathComplexity="0" sequenceCoverage="0" branchCoverage="0" crapScore="2" isConstructor="false" isStatic="false" isGetter="false" isSetter="false">
              <Summary numSequencePoints="1" visitedSequencePoints="0" numBranchPoints="1" visitedBranchPoints="0" sequenceCoverage="0" branchCoverage="0" maxCyclomaticComplexity="1" minCyclomaticComplexity="1" maxCrapScore="2" minCrapScore="2" visitedClasses="0" numClasses="0" visitedMethods="0" numMethods="1" />
              <MetadataToken>100663302</MetadataToken>
              <Name>System.Xml.Linq.XElement FxCopDataParserLib.FxCopDataParser/&lt;&gt;c::&lt;GenerateMinimalXml&gt;b__0_0(System.Xml.Linq.XElement)</Name>
              <FileRef uid="3" />
              <SequencePoints>
                <SequencePoint vc="0" uspid="122" ordinal="0" offset="0" sl="37" sc="24" el="37" ec="26" bec="0" bev="0" fileid="3" />
              </SequencePoints>
              <BranchPoints />
              <MethodPoint xsi:type="SequencePoint" vc="0" uspid="122" ordinal="0" offset="0" sl="37" sc="24" el="37" ec="26" bec="0" bev="0" fileid="3" />
            </Method>
          </Methods>
        </Class>
      </Classes>
      <TrackedMethods />
    </Module>
    <Module hash="E8-8B-A6-DB-F4-79-68-B2-FD-9E-28-45-7B-4C-65-E6-16-A8-D5-D9">
      <Summary numSequencePoints="0" visitedSequencePoints="0" numBranchPoints="0" visitedBranchPoints="0" sequenceCoverage="0" branchCoverage="0" maxCyclomaticComplexity="0" minCyclomaticComplexity="0" maxCrapScore="0" minCrapScore="0" visitedClasses="0" numClasses="0" visitedMethods="0" numMethods="0" />
      <ModulePath>C:\Users\320068391\source\repos\StaticAnalyzerWebServiceSolution\FxCopDataParserLib.Test\bin\Debug\IToolDataParserLib.dll</ModulePath>
      <ModuleTime>2019-09-18T06:47:35.0369256Z</ModuleTime>
      <ModuleName>IToolDataParserLib</ModuleName>
      <Files />
      <Classes />
      <TrackedMethods />
    </Module>
    <Module hash="43-08-2B-6A-A7-08-B7-33-9E-11-24-78-B3-F7-48-05-31-2C-79-07">
      <Summary numSequencePoints="15" visitedSequencePoints="12" numBranchPoints="2" visitedBranchPoints="1" sequenceCoverage="80" branchCoverage="50" maxCyclomaticComplexity="1" minCyclomaticComplexity="1" maxCrapScore="2" minCrapScore="1" visitedClasses="1" numClasses="1" visitedMethods="1" numMethods="2" />
      <ModulePath>C:\Users\320068391\source\repos\StaticAnalyzerWebServiceSolution\FxCopDataParserLib.Test\bin\Debug\ToolOutputDataFormatLib.dll</ModulePath>
      <ModuleTime>2019-09-18T06:47:34.438527Z</ModuleTime>
      <ModuleName>ToolOutputDataFormatLib</ModuleName>
      <Files>
        <File uid="7" fullPath="C:\Users\320068391\source\repos\StaticAnalyzerWebServiceSolution\ToolOutputDataFormatLib\ToolOutputDataFormat.cs" />
      </Files>
      <Classes>
        <Class>
          <Summary numSequencePoints="15" visitedSequencePoints="12" numBranchPoints="2" visitedBranchPoints="1" sequenceCoverage="80" branchCoverage="50" maxCyclomaticComplexity="1" minCyclomaticComplexity="1" maxCrapScore="2" minCrapScore="1" visitedClasses="1" numClasses="1" visitedMethods="1" numMethods="2" />
          <FullName>ToolOutputDataFormatLib.ToolOutputDataFormat</FullName>
          <Methods>
            <Method skippedDueTo="AutoImplementedProperty" visited="false" cyclomaticComplexity="1" nPathComplexity="0" sequenceCoverage="0" branchCoverage="0" crapScore="0" isConstructor="false" isStatic="false" isGetter="true" isSetter="false">
              <MetadataToken>100663297</MetadataToken>
              <Name>System.String ToolOutputDataFormatLib.ToolOutputDataFormat::get_ruleId()</Name>
              <FileRef uid="7" />
              <SequencePoints />
              <BranchPoints />
            </Method>
            <Method skippedDueTo="AutoImplementedProperty" visited="false" cyclomaticComplexity="1" nPathComplexity="0" sequenceCoverage="0" branchCoverage="0" crapScore="0" isConstructor="false" isStatic="false" isGetter="false" isSetter="true">
              <MetadataToken>100663298</MetadataToken>
              <Name>System.Void ToolOutputDataFormatLib.ToolOutputDataFormat::set_ruleId(System.String)</Name>
              <FileRef uid="7" />
              <SequencePoints />
              <BranchPoints />
            </Method>
            <Method skippedDueTo="AutoImplementedProperty" visited="false" cyclomaticComplexity="1" nPathComplexity="0" sequenceCoverage="0" branchCoverage="0" crapScore="0" isConstructor="false" isStatic="false" isGetter="true" isSetter="false">
              <MetadataToken>100663299</MetadataToken>
              <Name>System.String ToolOutputDataFormatLib.ToolOutputDataFormat::get_tool()</Name>
              <FileRef uid="7" />
              <SequencePoints />
              <BranchPoints />
            </Method>
            <Method skippedDueTo="AutoImplementedProperty" visited="false" cyclomaticComplexity="1" nPathComplexity="0" sequenceCoverage="0" branchCoverage="0" crapScore="0" isConstructor="false" isStatic="false" isGetter="false" isSetter="true">
              <MetadataToken>100663300</MetadataToken>
              <Name>System.Void ToolOutputDataFormatLib.ToolOutputDataFormat::set_tool(System.String)</Name>
              <FileRef uid="7" />
              <SequencePoints />
              <BranchPoints />
            </Method>
            <Method skippedDueTo="AutoImplementedProperty" visited="false" cyclomaticComplexity="1" nPathComplexity="0" sequenceCoverage="0" branchCoverage="0" crapScore="0" isConstructor="false" isStatic="false" isGetter="true" isSetter="false">
              <MetadataToken>100663301</MetadataToken>
              <Name>System.String ToolOutputDataFormatLib.ToolOutputDataFormat::get_rule()</Name>
              <FileRef uid="7" />
              <SequencePoints />
              <BranchPoints />
            </Method>
            <Method skippedDueTo="AutoImplementedProperty" visited="false" cyclomaticComplexity="1" nPathComplexity="0" sequenceCoverage="0" branchCoverage="0" crapScore="0" isConstructor="false" isStatic="false" isGetter="false" isSetter="true">
              <MetadataToken>100663302</MetadataToken>
              <Name>System.Void ToolOutputDataFormatLib.ToolOutputDataFormat::set_rule(System.String)</Name>
              <FileRef uid="7" />
              <SequencePoints />
              <BranchPoints />
            </Method>
            <Method skippedDueTo="AutoImplementedProperty" visited="false" cyclomaticComplexity="1" nPathComplexity="0" sequenceCoverage="0" branchCoverage="0" crapScore="0" isConstructor="false" isStatic="false" isGetter="true" isSetter="false">
              <MetadataToken>100663303</MetadataToken>
              <Name>System.String ToolOutputDataFormatLib.ToolOutputDataFormat::get_rulenamespace()</Name>
              <FileRef uid="7" />
              <SequencePoints />
              <BranchPoints />
            </Method>
            <Method skippedDueTo="AutoImplementedProperty" visited="false" cyclomaticComplexity="1" nPathComplexity="0" sequenceCoverage="0" branchCoverage="0" crapScore="0" isConstructor="false" isStatic="false" isGetter="false" isSetter="true">
              <MetadataToken>100663304</MetadataToken>
              <Name>System.Void ToolOutputDataFormatLib.ToolOutputDataFormat::set_rulenamespace(System.String)</Name>
              <FileRef uid="7" />
              <SequencePoints />
              <BranchPoints />
            </Method>
            <Method skippedDueTo="AutoImplementedProperty" visited="false" cyclomaticComplexity="1" nPathComplexity="0" sequenceCoverage="0" branchCoverage="0" crapScore="0" isConstructor="false" isStatic="false" isGetter="true" isSetter="false">
              <MetadataToken>100663305</MetadataToken>
              <Name>System.String ToolOutputDataFormatLib.ToolOutputDataFormat::get_source()</Name>
              <FileRef uid="7" />
              <SequencePoints />
              <BranchPoints />
            </Method>
            <Method skippedDueTo="AutoImplementedProperty" visited="false" cyclomaticComplexity="1" nPathComplexity="0" sequenceCoverage="0" branchCoverage="0" crapScore="0" isConstructor="false" isStatic="false" isGetter="false" isSetter="true">
              <MetadataToken>100663306</MetadataToken>
              <Name>System.Void ToolOutputDataFormatLib.ToolOutputDataFormat::set_source(System.String)</Name>
              <FileRef uid="7" />
              <SequencePoints />
              <BranchPoints />
            </Method>
            <Method skippedDueTo="AutoImplementedProperty" visited="false" cyclomaticComplexity="1" nPathComplexity="0" sequenceCoverage="0" branchCoverage="0" crapScore="0" isConstructor="false" isStatic="false" isGetter="true" isSetter="false">
              <MetadataToken>100663307</MetadataToken>
              <Name>System.String ToolOutputDataFormatLib.ToolOutputDataFormat::get_linenumber()</Name>
              <FileRef uid="7" />
              <SequencePoints />
              <BranchPoints />
            </Method>
            <Method skippedDueTo="AutoImplementedProperty" visited="false" cyclomaticComplexity="1" nPathComplexity="0" sequenceCoverage="0" branchCoverage="0" crapScore="0" isConstructor="false" isStatic="false" isGetter="false" isSetter="true">
              <MetadataToken>100663308</MetadataToken>
              <Name>System.Void ToolOutputDataFormatLib.ToolOutputDataFormat::set_linenumber(System.String)</Name>
              <FileRef uid="7" />
              <SequencePoints />
              <BranchPoints />
            </Method>
            <Method skippedDueTo="AutoImplementedProperty" visited="false" cyclomaticComplexity="1" nPathComplexity="0" sequenceCoverage="0" branchCoverage="0" crapScore="0" isConstructor="false" isStatic="false" isGetter="true" isSetter="false">
              <MetadataToken>100663309</MetadataToken>
              <Name>System.String ToolOutputDataFormatLib.ToolOutputDataFormat::get_section()</Name>
              <FileRef uid="7" />
              <SequencePoints />
              <BranchPoints />
            </Method>
            <Method skippedDueTo="AutoImplementedProperty" visited="false" cyclomaticComplexity="1" nPathComplexity="0" sequenceCoverage="0" branchCoverage="0" crapScore="0" isConstructor="false" isStatic="false" isGetter="false" isSetter="true">
              <MetadataToken>100663310</MetadataToken>
              <Name>System.Void ToolOutputDataFormatLib.ToolOutputDataFormat::set_section(System.String)</Name>
              <FileRef uid="7" />
              <SequencePoints />
              <BranchPoints />
            </Method>
            <Method skippedDueTo="AutoImplementedProperty" visited="false" cyclomaticComplexity="1" nPathComplexity="0" sequenceCoverage="0" branchCoverage="0" crapScore="0" isConstructor="false" isStatic="false" isGetter="true" isSetter="false">
              <MetadataToken>100663311</MetadataToken>
              <Name>System.String ToolOutputDataFormatLib.ToolOutputDataFormat::get_level()</Name>
              <FileRef uid="7" />
              <SequencePoints />
              <BranchPoints />
            </Method>
            <Method skippedDueTo="AutoImplementedProperty" visited="false" cyclomaticComplexity="1" nPathComplexity="0" sequenceCoverage="0" branchCoverage="0" crapScore="0" isConstructor="false" isStatic="false" isGetter="false" isSetter="true">
              <MetadataToken>100663312</MetadataToken>
              <Name>System.Void ToolOutputDataFormatLib.ToolOutputDataFormat::set_level(System.String)</Name>
              <FileRef uid="7" />
              <SequencePoints />
              <BranchPoints />
            </Method>
            <Method skippedDueTo="AutoImplementedProperty" visited="false" cyclomaticComplexity="1" nPathComplexity="0" sequenceCoverage="0" branchCoverage="0" crapScore="0" isConstructor="false" isStatic="false" isGetter="true" isSetter="false">
              <MetadataToken>100663313</MetadataToken>
              <Name>System.String ToolOutputDataFormatLib.ToolOutputDataFormat::get_description()</Name>
              <FileRef uid="7" />
              <SequencePoints />
              <BranchPoints />
            </Method>
            <Method skippedDueTo="AutoImplementedProperty" visited="false" cyclomaticComplexity="1" nPathComplexity="0" sequenceCoverage="0" branchCoverage="0" crapScore="0" isConstructor="false" isStatic="false" isGetter="false" isSetter="true">
              <MetadataToken>100663314</MetadataToken>
              <Name>System.Void ToolOutputDataFormatLib.ToolOutputDataFormat::set_description(System.String)</Name>
              <FileRef uid="7" />
              <SequencePoints />
              <BranchPoints />
            </Method>
            <Method visited="false" cyclomaticComplexity="1" nPathComplexity="0" sequenceCoverage="0" branchCoverage="0" crapScore="2" isConstructor="true" isStatic="false" isGetter="false" isSetter="false">
              <Summary numSequencePoints="3" visitedSequencePoints="0" numBranchPoints="1" visitedBranchPoints="0" sequenceCoverage="0" branchCoverage="0" maxCyclomaticComplexity="1" minCyclomaticComplexity="1" maxCrapScore="2" minCrapScore="2" visitedClasses="0" numClasses="0" visitedMethods="0" numMethods="1" />
              <MetadataToken>100663315</MetadataToken>
              <Name>System.Void ToolOutputDataFormatLib.ToolOutputDataFormat::.ctor()</Name>
              <FileRef uid="7" />
              <SequencePoints>
                <SequencePoint vc="0" uspid="123" ordinal="0" offset="0" sl="33" sc="9" el="33" ec="39" bec="0" bev="0" fileid="7" />
                <SequencePoint vc="0" uspid="124" ordinal="1" offset="7" sl="34" sc="9" el="34" ec="10" bec="0" bev="0" fileid="7" />
                <SequencePoint vc="0" uspid="125" ordinal="2" offset="8" sl="36" sc="9" el="36" ec="10" bec="0" bev="0" fileid="7" />
              </SequencePoints>
              <BranchPoints />
              <MethodPoint xsi:type="SequencePoint" vc="0" uspid="123" ordinal="0" offset="0" sl="33" sc="9" el="33" ec="39" bec="0" bev="0" fileid="7" />
            </Method>
            <Method visited="true" cyclomaticComplexity="1" nPathComplexity="0" sequenceCoverage="100" branchCoverage="100" crapScore="1" isConstructor="true" isStatic="false" isGetter="false" isSetter="false">
              <Summary numSequencePoints="12" visitedSequencePoints="12" numBranchPoints="1" visitedBranchPoints="1" sequenceCoverage="100" branchCoverage="100" maxCyclomaticComplexity="1" minCyclomaticComplexity="1" maxCrapScore="1" minCrapScore="1" visitedClasses="0" numClasses="0" visitedMethods="1" numMethods="1" />
              <MetadataToken>100663316</MetadataToken>
              <Name>System.Void ToolOutputDataFormatLib.ToolOutputDataFormat::.ctor(System.String,System.String,System.String,System.String,System.String,System.String,System.String,System.String,System.String)</Name>
              <FileRef uid="7" />
              <SequencePoints>
                <SequencePoint vc="3" uspid="126" ordinal="0" offset="0" sl="55" sc="9" el="55" ec="184" bec="0" bev="0" fileid="7">
                  <TrackedMethodRefs>
                    <TrackedMethodRef uid="5" vc="2" />
                    <TrackedMethodRef uid="6" vc="1" />
                  </TrackedMethodRefs>
                </SequencePoint>
                <SequencePoint vc="3" uspid="127" ordinal="1" offset="7" sl="56" sc="9" el="56" ec="10" bec="0" bev="0" fileid="7">
                  <TrackedMethodRefs>
                    <TrackedMethodRef uid="5" vc="2" />
                    <TrackedMethodRef uid="6" vc="1" />
                  </TrackedMethodRefs>
                </SequencePoint>
                <SequencePoint vc="3" uspid="128" ordinal="2" offset="8" sl="58" sc="13" el="58" ec="34" bec="0" bev="0" fileid="7">
                  <TrackedMethodRefs>
                    <TrackedMethodRef uid="5" vc="2" />
                    <TrackedMethodRef uid="6" vc="1" />
                  </TrackedMethodRefs>
                </SequencePoint>
                <SequencePoint vc="3" uspid="129" ordinal="3" offset="16" sl="59" sc="13" el="59" ec="30" bec="0" bev="0" fileid="7">
                  <TrackedMethodRefs>
                    <TrackedMethodRef uid="5" vc="2" />
                    <TrackedMethodRef uid="6" vc="1" />
                  </TrackedMethodRefs>
                </SequencePoint>
                <SequencePoint vc="3" uspid="130" ordinal="4" offset="24" sl="60" sc="13" el="60" ec="30" bec="0" bev="0" fileid="7">
                  <TrackedMethodRefs>
                    <TrackedMethodRef uid="5" vc="2" />
                    <TrackedMethodRef uid="6" vc="1" />
                  </TrackedMethodRefs>
                </SequencePoint>
                <SequencePoint vc="3" uspid="131" ordinal="5" offset="32" sl="61" sc="13" el="61" ec="48" bec="0" bev="0" fileid="7">
                  <TrackedMethodRefs>
                    <TrackedMethodRef uid="5" vc="2" />
                    <TrackedMethodRef uid="6" vc="1" />
                  </TrackedMethodRefs>
                </SequencePoint>
                <SequencePoint vc="3" uspid="132" ordinal="6" offset="41" sl="62" sc="13" el="62" ec="34" bec="0" bev="0" fileid="7">
                  <TrackedMethodRefs>
                    <TrackedMethodRef uid="5" vc="2" />
                    <TrackedMethodRef uid="6" vc="1" />
                  </TrackedMethodRefs>
                </SequencePoint>
                <SequencePoint vc="3" uspid="133" ordinal="7" offset="50" sl="63" sc="13" el="63" ec="43" bec="0" bev="0" fileid="7">
                  <TrackedMethodRefs>
                    <TrackedMethodRef uid="5" vc="2" />
                    <TrackedMethodRef uid="6" vc="1" />
                  </TrackedMethodRefs>
                </SequencePoint>
                <SequencePoint vc="3" uspid="134" ordinal="8" offset="59" sl="64" sc="13" el="64" ec="36" bec="0" bev="0" fileid="7">
                  <TrackedMethodRefs>
                    <TrackedMethodRef uid="5" vc="2" />
                    <TrackedMethodRef uid="6" vc="1" />
                  </TrackedMethodRefs>
                </SequencePoint>
                <SequencePoint vc="3" uspid="135" ordinal="9" offset="68" sl="65" sc="13" el="65" ec="32" bec="0" bev="0" fileid="7">
                  <TrackedMethodRefs>
                    <TrackedMethodRef uid="5" vc="2" />
                    <TrackedMethodRef uid="6" vc="1" />
                  </TrackedMethodRefs>
                </SequencePoint>
                <SequencePoint vc="3" uspid="136" ordinal="10" offset="77" sl="66" sc="13" el="66" ec="44" bec="0" bev="0" fileid="7">
                  <TrackedMethodRefs>
                    <TrackedMethodRef uid="5" vc="2" />
                    <TrackedMethodRef uid="6" vc="1" />
                  </TrackedMethodRefs>
                </SequencePoint>
                <SequencePoint vc="3" uspid="137" ordinal="11" offset="86" sl="68" sc="9" el="68" ec="10" bec="0" bev="0" fileid="7">
                  <TrackedMethodRefs>
                    <TrackedMethodRef uid="5" vc="2" />
                    <TrackedMethodRef uid="6" vc="1" />
                  </TrackedMethodRefs>
                </SequencePoint>
              </SequencePoints>
              <BranchPoints />
              <MethodPoint xsi:type="SequencePoint" vc="3" uspid="126" ordinal="0" offset="0" sl="55" sc="9" el="55" ec="184" bec="0" bev="0" fileid="7">
                <TrackedMethodRefs>
                  <TrackedMethodRef uid="5" vc="2" />
                  <TrackedMethodRef uid="6" vc="1" />
                </TrackedMethodRefs>
              </MethodPoint>
            </Method>
          </Methods>
        </Class>
      </Classes>
      <TrackedMethods />
    </Module>
    <Module hash="35-6C-A2-A7-5B-4B-85-AB-1A-2B-E6-C8-CF-89-BA-A8-0C-BC-85-6A">
      <Summary numSequencePoints="8" visitedSequencePoints="6" numBranchPoints="2" visitedBranchPoints="2" sequenceCoverage="75" branchCoverage="100" maxCyclomaticComplexity="1" minCyclomaticComplexity="1" maxCrapScore="2" minCrapScore="1.02" visitedClasses="1" numClasses="1" visitedMethods="2" numMethods="2" />
      <ModulePath>C:\Users\320068391\source\repos\StaticAnalyzerWebServiceSolution\FxCopToolLib.Test\bin\Debug\FxCopToolLib.Test.dll</ModulePath>
      <ModuleTime>2019-09-18T06:47:38.6033804Z</ModuleTime>
      <ModuleName>FxCopToolLib.Test</ModuleName>
      <Files>
        <File uid="9" fullPath="C:\Users\320068391\source\repos\StaticAnalyzerWebServiceSolution\FxCopToolLib.Test\FxCopToolUnitTest.cs" />
      </Files>
      <Classes>
        <Class>
          <Summary numSequencePoints="8" visitedSequencePoints="6" numBranchPoints="2" visitedBranchPoints="2" sequenceCoverage="75" branchCoverage="100" maxCyclomaticComplexity="1" minCyclomaticComplexity="1" maxCrapScore="2" minCrapScore="1.02" visitedClasses="1" numClasses="1" visitedMethods="2" numMethods="2" />
          <FullName>FxCopToolLib.Test.FxCopToolUnitTest</FullName>
          <Methods>
            <Method visited="true" cyclomaticComplexity="1" nPathComplexity="0" sequenceCoverage="75" branchCoverage="100" crapScore="1.02" isConstructor="false" isStatic="false" isGetter="false" isSetter="false">
              <Summary numSequencePoints="4" visitedSequencePoints="3" numBranchPoints="1" visitedBranchPoints="1" sequenceCoverage="75" branchCoverage="100" maxCyclomaticComplexity="1" minCyclomaticComplexity="1" maxCrapScore="1.02" minCrapScore="1.02" visitedClasses="0" numClasses="0" visitedMethods="1" numMethods="1" />
              <MetadataToken>100663297</MetadataToken>
              <Name>System.Void FxCopToolLib.Test.FxCopToolUnitTest::GivenFile_WhenLoadInvoked_ExptectedFileNotFound()</Name>
              <FileRef uid="9" />
              <SequencePoints>
                <SequencePoint vc="1" uspid="138" ordinal="0" offset="0" sl="13" sc="9" el="13" ec="10" bec="0" bev="0" fileid="9">
                  <TrackedMethodRefs>
                    <TrackedMethodRef uid="2" vc="1" />
                  </TrackedMethodRefs>
                </SequencePoint>
                <SequencePoint vc="1" uspid="139" ordinal="1" offset="1" sl="14" sc="13" el="14" ec="51" bec="0" bev="0" fileid="9">
                  <TrackedMethodRefs>
                    <TrackedMethodRef uid="2" vc="1" />
                  </TrackedMethodRefs>
                </SequencePoint>
                <SequencePoint vc="1" uspid="140" ordinal="2" offset="7" sl="15" sc="13" el="15" ec="51" bec="0" bev="0" fileid="9">
                  <TrackedMethodRefs>
                    <TrackedMethodRef uid="2" vc="1" />
                  </TrackedMethodRefs>
                </SequencePoint>
                <SequencePoint vc="0" uspid="141" ordinal="3" offset="34" sl="16" sc="9" el="16" ec="10" bec="0" bev="0" fileid="9" />
              </SequencePoints>
              <BranchPoints />
              <MethodPoint xsi:type="SequencePoint" vc="1" uspid="138" ordinal="0" offset="0" sl="13" sc="9" el="13" ec="10" bec="0" bev="0" fileid="9">
                <TrackedMethodRefs>
                  <TrackedMethodRef uid="2" vc="1" />
                </TrackedMethodRefs>
              </MethodPoint>
            </Method>
            <Method visited="true" cyclomaticComplexity="1" nPathComplexity="0" sequenceCoverage="75" branchCoverage="100" crapScore="1.02" isConstructor="false" isStatic="false" isGetter="false" isSetter="false">
              <Summary numSequencePoints="4" visitedSequencePoints="3" numBranchPoints="1" visitedBranchPoints="1" sequenceCoverage="75" branchCoverage="100" maxCyclomaticComplexity="1" minCyclomaticComplexity="1" maxCrapScore="1.02" minCrapScore="1.02" visitedClasses="0" numClasses="0" visitedMethods="1" numMethods="1" />
              <MetadataToken>100663298</MetadataToken>
              <Name>System.Void FxCopToolLib.Test.FxCopToolUnitTest::GivenParmeters_When_ExecuteTool_Invoked_ExptectedWin32Exception()</Name>
              <FileRef uid="9" />
              <SequencePoints>
                <SequencePoint vc="1" uspid="142" ordinal="0" offset="0" sl="20" sc="9" el="20" ec="10" bec="0" bev="0" fileid="9">
                  <TrackedMethodRefs>
                    <TrackedMethodRef uid="3" vc="1" />
                  </TrackedMethodRefs>
                </SequencePoint>
                <SequencePoint vc="1" uspid="143" ordinal="1" offset="1" sl="21" sc="13" el="21" ec="51" bec="0" bev="0" fileid="9">
                  <TrackedMethodRefs>
                    <TrackedMethodRef uid="3" vc="1" />
                  </TrackedMethodRefs>
                </SequencePoint>
                <SequencePoint vc="1" uspid="144" ordinal="2" offset="7" sl="22" sc="13" el="22" ec="122" bec="0" bev="0" fileid="9">
                  <TrackedMethodRefs>
                    <TrackedMethodRef uid="3" vc="1" />
                  </TrackedMethodRefs>
                </SequencePoint>
                <SequencePoint vc="0" uspid="145" ordinal="3" offset="34" sl="23" sc="9" el="23" ec="10" bec="0" bev="0" fileid="9" />
              </SequencePoints>
              <BranchPoints />
              <MethodPoint xsi:type="SequencePoint" vc="1" uspid="142" ordinal="0" offset="0" sl="20" sc="9" el="20" ec="10" bec="0" bev="0" fileid="9">
                <TrackedMethodRefs>
                  <TrackedMethodRef uid="3" vc="1" />
                </TrackedMethodRefs>
              </MethodPoint>
            </Method>
            <Method visited="false" cyclomaticComplexity="1" nPathComplexity="0" sequenceCoverage="0" branchCoverage="0" crapScore="2" isConstructor="true" isStatic="false" isGetter="false" isSetter="false">
              <Summary numSequencePoints="0" visitedSequencePoints="0" numBranchPoints="0" visitedBranchPoints="0" sequenceCoverage="0" branchCoverage="0" maxCyclomaticComplexity="1" minCyclomaticComplexity="1" maxCrapScore="2" minCrapScore="2" visitedClasses="0" numClasses="0" visitedMethods="0" numMethods="0" />
              <MetadataToken>100663299</MetadataToken>
              <Name>System.Void FxCopToolLib.Test.FxCopToolUnitTest::.ctor()</Name>
              <SequencePoints />
              <BranchPoints />
              <MethodPoint vc="0" uspid="146" ordinal="0" offset="0" />
            </Method>
          </Methods>
        </Class>
      </Classes>
      <TrackedMethods>
        <TrackedMethod uid="2" token="100663297" name="System.Void FxCopToolLib.Test.FxCopToolUnitTest::GivenFile_WhenLoadInvoked_ExptectedFileNotFound()" strategy="MSTestTest" />
        <TrackedMethod uid="3" token="100663298" name="System.Void FxCopToolLib.Test.FxCopToolUnitTest::GivenParmeters_When_ExecuteTool_Invoked_ExptectedWin32Exception()" strategy="MSTestTest" />
      </TrackedMethods>
    </Module>
    <Module hash="7B-68-7F-33-CB-77-FF-E7-6E-00-A6-3A-D6-4C-9C-99-0E-C5-14-CD">
      <Summary numSequencePoints="23" visitedSequencePoints="16" numBranchPoints="7" visitedBranchPoints="4" sequenceCoverage="69.57" branchCoverage="57.14" maxCyclomaticComplexity="6" minCyclomaticComplexity="1" maxCrapScore="7.01" minCrapScore="2" visitedClasses="1" numClasses="1" visitedMethods="1" numMethods="1" />
      <ModulePath>C:\Users\320068391\source\repos\StaticAnalyzerWebServiceSolution\FxCopToolLib.Test\bin\Debug\FxCopToolLib.dll</ModulePath>
      <ModuleTime>2019-09-18T06:47:35.4607909Z</ModuleTime>
      <ModuleName>FxCopToolLib</ModuleName>
      <Files>
        <File uid="11" fullPath="C:\Users\320068391\source\repos\StaticAnalyzerWebServiceSolution\FxCopToolLib\FxCopTool.cs" />
      </Files>
      <Classes>
        <Class>
          <Summary numSequencePoints="23" visitedSequencePoints="16" numBranchPoints="7" visitedBranchPoints="4" sequenceCoverage="69.57" branchCoverage="57.14" maxCyclomaticComplexity="6" minCyclomaticComplexity="1" maxCrapScore="7.01" minCrapScore="2" visitedClasses="1" numClasses="1" visitedMethods="1" numMethods="1" />
          <FullName>FxCopToolLib.FxCopTool</FullName>
          <Methods>
            <Method visited="true" cyclomaticComplexity="6" nPathComplexity="8" sequenceCoverage="69.57" branchCoverage="57.14" crapScore="7.01" isConstructor="false" isStatic="false" isGetter="false" isSetter="false">
              <Summary numSequencePoints="23" visitedSequencePoints="16" numBranchPoints="7" visitedBranchPoints="4" sequenceCoverage="69.57" branchCoverage="57.14" maxCyclomaticComplexity="6" minCyclomaticComplexity="6" maxCrapScore="7.01" minCrapScore="7.01" visitedClasses="0" numClasses="0" visitedMethods="1" numMethods="1" />
              <MetadataToken>100663297</MetadataToken>
              <Name>System.Void FxCopToolLib.FxCopTool::ExecuteTool(System.String,System.String,System.String,System.String)</Name>
              <FileRef uid="11" />
              <SequencePoints>
                <SequencePoint vc="2" uspid="147" ordinal="0" offset="0" sl="28" sc="9" el="28" ec="10" bec="0" bev="0" fileid="11">
                  <TrackedMethodRefs>
                    <TrackedMethodRef uid="2" vc="1" />
                    <TrackedMethodRef uid="3" vc="1" />
                  </TrackedMethodRefs>
                </SequencePoint>
                <SequencePoint vc="2" uspid="148" ordinal="1" offset="1" sl="30" sc="13" el="30" ec="34" bec="0" bev="0" fileid="11">
                  <TrackedMethodRefs>
                    <TrackedMethodRef uid="2" vc="1" />
                    <TrackedMethodRef uid="3" vc="1" />
                  </TrackedMethodRefs>
                </SequencePoint>
                <SequencePoint vc="2" uspid="149" ordinal="2" offset="7" sl="31" sc="13" el="31" ec="76" bec="2" bev="2" fileid="11">
                  <TrackedMethodRefs>
                    <TrackedMethodRef uid="2" vc="1" />
                    <TrackedMethodRef uid="3" vc="1" />
                  </TrackedMethodRefs>
                </SequencePoint>
                <SequencePoint vc="1" uspid="150" ordinal="3" offset="52" sl="32" sc="13" el="32" ec="14" bec="0" bev="0" fileid="11">
                  <TrackedMethodRefs>
                    <TrackedMethodRef uid="3" vc="1" />
                  </TrackedMethodRefs>
                </SequencePoint>
                <SequencePoint vc="1" uspid="151" ordinal="4" offset="53" sl="33" sc="17" el="33" ec="102" bec="0" bev="0" fileid="11">
                  <TrackedMethodRefs>
                    <TrackedMethodRef uid="3" vc="1" />
                  </TrackedMethodRefs>
                </SequencePoint>
                <SequencePoint vc="1" uspid="152" ordinal="5" offset="110" sl="34" sc="13" el="34" ec="14" bec="0" bev="0" fileid="11">
                  <TrackedMethodRefs>
                    <TrackedMethodRef uid="3" vc="1" />
                  </TrackedMethodRefs>
                </SequencePoint>
                <SequencePoint vc="1" uspid="153" ordinal="6" offset="113" sl="36" sc="13" el="36" ec="14" bec="0" bev="0" fileid="11">
                  <TrackedMethodRefs>
                    <TrackedMethodRef uid="2" vc="1" />
                  </TrackedMethodRefs>
                </SequencePoint>
                <SequencePoint vc="1" uspid="154" ordinal="7" offset="114" sl="37" sc="17" el="37" ec="51" bec="0" bev="0" fileid="11">
                  <TrackedMethodRefs>
                    <TrackedMethodRef uid="2" vc="1" />
                  </TrackedMethodRefs>
                </SequencePoint>
                <SequencePoint vc="1" uspid="155" ordinal="8" offset="120" sl="38" sc="17" el="38" ec="58" bec="0" bev="0" fileid="11">
                  <TrackedMethodRefs>
                    <TrackedMethodRef uid="2" vc="1" />
                  </TrackedMethodRefs>
                </SequencePoint>
                <SequencePoint vc="1" uspid="156" ordinal="9" offset="127" sl="41" sc="13" el="41" ec="65" bec="0" bev="0" fileid="11">
                  <TrackedMethodRefs>
                    <TrackedMethodRef uid="3" vc="1" />
                  </TrackedMethodRefs>
                </SequencePoint>
                <SequencePoint vc="1" uspid="157" ordinal="10" offset="133" sl="42" sc="13" el="42" ec="31" bec="2" bev="1" fileid="11">
                  <TrackedMethodRefs>
                    <TrackedMethodRef uid="3" vc="1" />
                  </TrackedMethodRefs>
                </SequencePoint>
                <SequencePoint vc="1" uspid="158" ordinal="11" offset="150" sl="43" sc="13" el="43" ec="14" bec="0" bev="0" fileid="11">
                  <TrackedMethodRefs>
                    <TrackedMethodRef uid="3" vc="1" />
                  </TrackedMethodRefs>
                </SequencePoint>
                <SequencePoint vc="1" uspid="159" ordinal="12" offset="151" sl="44" sc="17" el="44" ec="46" bec="0" bev="0" fileid="11">
                  <TrackedMethodRefs>
                    <TrackedMethodRef uid="3" vc="1" />
                  </TrackedMethodRefs>
                </SequencePoint>
                <SequencePoint vc="1" uspid="160" ordinal="13" offset="159" sl="45" sc="13" el="45" ec="14" bec="0" bev="0" fileid="11">
                  <TrackedMethodRefs>
                    <TrackedMethodRef uid="3" vc="1" />
                  </TrackedMethodRefs>
                </SequencePoint>
                <SequencePoint vc="0" uspid="161" ordinal="14" offset="162" sl="47" sc="13" el="47" ec="14" bec="0" bev="0" fileid="11" />
                <SequencePoint vc="0" uspid="162" ordinal="15" offset="163" sl="48" sc="17" el="48" ec="51" bec="0" bev="0" fileid="11" />
                <SequencePoint vc="0" uspid="163" ordinal="16" offset="170" sl="49" sc="17" el="49" ec="58" bec="0" bev="0" fileid="11" />
                <SequencePoint vc="1" uspid="164" ordinal="17" offset="178" sl="51" sc="13" el="51" ec="44" bec="0" bev="0" fileid="11">
                  <TrackedMethodRefs>
                    <TrackedMethodRef uid="3" vc="1" />
                  </TrackedMethodRefs>
                </SequencePoint>
                <SequencePoint vc="1" uspid="165" ordinal="18" offset="186" sl="52" sc="13" el="52" ec="50" bec="2" bev="0" fileid="11">
                  <TrackedMethodRefs>
                    <TrackedMethodRef uid="3" vc="1" />
                  </TrackedMethodRefs>
                </SequencePoint>
                <SequencePoint vc="0" uspid="166" ordinal="19" offset="201" sl="53" sc="13" el="53" ec="14" bec="0" bev="0" fileid="11" />
                <SequencePoint vc="0" uspid="167" ordinal="20" offset="202" sl="54" sc="17" el="54" ec="58" bec="0" bev="0" fileid="11" />
                <SequencePoint vc="0" uspid="168" ordinal="21" offset="209" sl="55" sc="17" el="55" ec="51" bec="0" bev="0" fileid="11" />
                <SequencePoint vc="0" uspid="169" ordinal="22" offset="217" sl="58" sc="9" el="58" ec="10" bec="0" bev="0" fileid="11" />
              </SequencePoints>
              <BranchPoints>
                <BranchPoint vc="1" uspid="174" ordinal="4" offset="50" sl="31" path="0" offsetend="52" fileid="11">
                  <TrackedMethodRefs>
                    <TrackedMethodRef uid="3" vc="1" />
                  </TrackedMethodRefs>
                </BranchPoint>
                <BranchPoint vc="1" uspid="175" ordinal="5" offset="50" sl="31" path="1" offsetend="113" fileid="11">
                  <TrackedMethodRefs>
                    <TrackedMethodRef uid="2" vc="1" />
                  </TrackedMethodRefs>
                </BranchPoint>
                <BranchPoint vc="1" uspid="176" ordinal="6" offset="148" sl="42" path="0" offsetend="150" fileid="11">
                  <TrackedMethodRefs>
                    <TrackedMethodRef uid="3" vc="1" />
                  </TrackedMethodRefs>
                </BranchPoint>
                <BranchPoint vc="0" uspid="177" ordinal="7" offset="148" sl="42" path="1" offsetend="162" fileid="11" />
                <BranchPoint vc="0" uspid="178" ordinal="8" offset="199" sl="52" path="0" offsetend="201" fileid="11" />
                <BranchPoint vc="0" uspid="179" ordinal="9" offset="199" sl="52" path="1" offsetend="217" fileid="11" />
              </BranchPoints>
              <MethodPoint xsi:type="SequencePoint" vc="2" uspid="147" ordinal="0" offset="0" sl="28" sc="9" el="28" ec="10" bec="0" bev="0" fileid="11">
                <TrackedMethodRefs>
                  <TrackedMethodRef uid="2" vc="1" />
                  <TrackedMethodRef uid="3" vc="1" />
                </TrackedMethodRefs>
              </MethodPoint>
            </Method>
            <Method visited="false" cyclomaticComplexity="1" nPathComplexity="0" sequenceCoverage="0" branchCoverage="0" crapScore="2" isConstructor="true" isStatic="false" isGetter="false" isSetter="false">
              <Summary numSequencePoints="0" visitedSequencePoints="0" numBranchPoints="0" visitedBranchPoints="0" sequenceCoverage="0" branchCoverage="0" maxCyclomaticComplexity="1" minCyclomaticComplexity="1" maxCrapScore="2" minCrapScore="2" visitedClasses="0" numClasses="0" visitedMethods="0" numMethods="0" />
              <MetadataToken>100663298</MetadataToken>
              <Name>System.Void FxCopToolLib.FxCopTool::.ctor()</Name>
              <SequencePoints />
              <BranchPoints />
              <MethodPoint vc="0" uspid="180" ordinal="0" offset="0" />
            </Method>
          </Methods>
        </Class>
      </Classes>
      <TrackedMethods />
    </Module>
    <Module hash="FE-D2-89-60-F3-47-FE-69-2C-64-7E-05-9E-AD-41-ED-20-6D-41-84">
      <Summary numSequencePoints="0" visitedSequencePoints="0" numBranchPoints="0" visitedBranchPoints="0" sequenceCoverage="0" branchCoverage="0" maxCyclomaticComplexity="0" minCyclomaticComplexity="0" maxCrapScore="0" minCrapScore="0" visitedClasses="0" numClasses="0" visitedMethods="0" numMethods="0" />
      <ModulePath>C:\Users\320068391\source\repos\StaticAnalyzerWebServiceSolution\FxCopToolLib.Test\bin\Debug\IToolLib.dll</ModulePath>
      <ModuleTime>2019-09-18T06:47:34.438527Z</ModuleTime>
      <ModuleName>IToolLib</ModuleName>
      <Files />
      <Classes />
      <TrackedMethods />
    </Module>
    <Module hash="DD-D3-54-2C-EA-D4-C3-0C-1E-77-FA-E1-05-A5-8E-DC-07-8F-48-54">
      <Summary numSequencePoints="35" visitedSequencePoints="31" numBranchPoints="5" visitedBranchPoints="4" sequenceCoverage="88.57" branchCoverage="80" maxCyclomaticComplexity="12" minCyclomaticComplexity="1" maxCrapScore="12.28" minCrapScore="1" visitedClasses="1" numClasses="1" visitedMethods="3" numMethods="3" />
      <ModulePath>C:\Users\320068391\source\repos\StaticAnalyzerWebServiceSolution\StyleCopDataParserLib.Test\bin\Debug\StyleCopDataParserLib.Test.dll</ModulePath>
      <ModuleTime>2019-09-18T06:47:36.499012Z</ModuleTime>
      <ModuleName>StyleCopDataParserLib.Test</ModuleName>
      <Files>
        <File uid="13" fullPath="C:\Users\320068391\source\repos\StaticAnalyzerWebServiceSolution\StyleCopDataParserLib.Test\StyleCopDataParserUnitTest.cs" />
      </Files>
      <Classes>
        <Class>
          <Summary numSequencePoints="35" visitedSequencePoints="31" numBranchPoints="5" visitedBranchPoints="4" sequenceCoverage="88.57" branchCoverage="80" maxCyclomaticComplexity="12" minCyclomaticComplexity="1" maxCrapScore="12.28" minCrapScore="1" visitedClasses="1" numClasses="1" visitedMethods="3" numMethods="3" />
          <FullName>StyleCopDataParserLib.Test.StyleCopDataParserUnitTest</FullName>
          <Methods>
            <Method visited="true" cyclomaticComplexity="1" nPathComplexity="0" sequenceCoverage="75" branchCoverage="100" crapScore="1.02" isConstructor="false" isStatic="false" isGetter="false" isSetter="false">
              <Summary numSequencePoints="4" visitedSequencePoints="3" numBranchPoints="1" visitedBranchPoints="1" sequenceCoverage="75" branchCoverage="100" maxCyclomaticComplexity="1" minCyclomaticComplexity="1" maxCrapScore="1.02" minCrapScore="1.02" visitedClasses="0" numClasses="0" visitedMethods="1" numMethods="1" />
              <MetadataToken>100663297</MetadataToken>
              <Name>System.Void StyleCopDataParserLib.Test.StyleCopDataParserUnitTest::Given_File_When_Load_Invoked_Exptected_File_Not_Found()</Name>
              <FileRef uid="13" />
              <SequencePoints>
                <SequencePoint vc="1" uspid="181" ordinal="0" offset="0" sl="13" sc="9" el="13" ec="10" bec="0" bev="0" fileid="13">
                  <TrackedMethodRefs>
                    <TrackedMethodRef uid="4" vc="1" />
                  </TrackedMethodRefs>
                </SequencePoint>
                <SequencePoint vc="1" uspid="182" ordinal="1" offset="1" sl="14" sc="13" el="14" ec="78" bec="0" bev="0" fileid="13">
                  <TrackedMethodRefs>
                    <TrackedMethodRef uid="4" vc="1" />
                  </TrackedMethodRefs>
                </SequencePoint>
                <SequencePoint vc="1" uspid="183" ordinal="2" offset="7" sl="15" sc="13" el="15" ec="45" bec="0" bev="0" fileid="13">
                  <TrackedMethodRefs>
                    <TrackedMethodRef uid="4" vc="1" />
                  </TrackedMethodRefs>
                </SequencePoint>
                <SequencePoint vc="0" uspid="184" ordinal="3" offset="19" sl="16" sc="9" el="16" ec="10" bec="0" bev="0" fileid="13" />
              </SequencePoints>
              <BranchPoints />
              <MethodPoint xsi:type="SequencePoint" vc="1" uspid="181" ordinal="0" offset="0" sl="13" sc="9" el="13" ec="10" bec="0" bev="0" fileid="13">
                <TrackedMethodRefs>
                  <TrackedMethodRef uid="4" vc="1" />
                </TrackedMethodRefs>
              </MethodPoint>
            </Method>
            <Method visited="true" cyclomaticComplexity="12" nPathComplexity="2" sequenceCoverage="87.5" branchCoverage="66.67" crapScore="12.28" isConstructor="false" isStatic="false" isGetter="false" isSetter="false">
              <Summary numSequencePoints="24" visitedSequencePoints="21" numBranchPoints="3" visitedBranchPoints="2" sequenceCoverage="87.5" branchCoverage="66.67" maxCyclomaticComplexity="12" minCyclomaticComplexity="12" maxCrapScore="12.28" minCrapScore="12.28" visitedClasses="0" numClasses="0" visitedMethods="1" numMethods="1" />
              <MetadataToken>100663298</MetadataToken>
              <Name>System.Void StyleCopDataParserLib.Test.StyleCopDataParserUnitTest::Given_Valid_File_When_Parse_Returned_Exptected_ListEqual()</Name>
              <FileRef uid="13" />
              <SequencePoints>
                <SequencePoint vc="1" uspid="185" ordinal="0" offset="0" sl="19" sc="9" el="19" ec="10" bec="0" bev="0" fileid="13">
                  <TrackedMethodRefs>
                    <TrackedMethodRef uid="5" vc="1" />
                  </TrackedMethodRefs>
                </SequencePoint>
                <SequencePoint vc="1" uspid="186" ordinal="1" offset="1" sl="20" sc="13" el="20" ec="78" bec="0" bev="0" fileid="13">
                  <TrackedMethodRefs>
                    <TrackedMethodRef uid="5" vc="1" />
                  </TrackedMethodRefs>
                </SequencePoint>
                <SequencePoint vc="1" uspid="187" ordinal="2" offset="7" sl="21" sc="13" el="21" ec="142" bec="0" bev="0" fileid="13">
                  <TrackedMethodRefs>
                    <TrackedMethodRef uid="5" vc="1" />
                  </TrackedMethodRefs>
                </SequencePoint>
                <SequencePoint vc="1" uspid="188" ordinal="3" offset="19" sl="22" sc="13" el="22" ec="90" bec="0" bev="0" fileid="13">
                  <TrackedMethodRefs>
                    <TrackedMethodRef uid="5" vc="1" />
                  </TrackedMethodRefs>
                </SequencePoint>
                <SequencePoint vc="1" uspid="189" ordinal="4" offset="25" sl="23" sc="13" el="26" ec="65" bec="0" bev="0" fileid="13">
                  <TrackedMethodRefs>
                    <TrackedMethodRef uid="5" vc="1" />
                  </TrackedMethodRefs>
                </SequencePoint>
                <SequencePoint vc="1" uspid="190" ordinal="5" offset="82" sl="28" sc="13" el="28" ec="23" bec="0" bev="0" fileid="13">
                  <TrackedMethodRefs>
                    <TrackedMethodRef uid="5" vc="1" />
                  </TrackedMethodRefs>
                </SequencePoint>
                <SequencePoint vc="1" uspid="191" ordinal="6" offset="84" sl="29" sc="13" el="29" ec="20" bec="0" bev="0" fileid="13">
                  <TrackedMethodRefs>
                    <TrackedMethodRef uid="5" vc="1" />
                  </TrackedMethodRefs>
                </SequencePoint>
                <SequencePoint vc="1" uspid="192" ordinal="7" offset="85" sl="29" sc="31" el="29" ec="42" bec="0" bev="0" fileid="13">
                  <TrackedMethodRefs>
                    <TrackedMethodRef uid="5" vc="1" />
                  </TrackedMethodRefs>
                </SequencePoint>
                <SequencePoint vc="1" uspid="193" ordinal="8" offset="98" sl="29" sc="22" el="29" ec="27" bec="0" bev="0" fileid="13">
                  <TrackedMethodRefs>
                    <TrackedMethodRef uid="5" vc="1" />
                  </TrackedMethodRefs>
                </SequencePoint>
                <SequencePoint vc="1" uspid="194" ordinal="9" offset="107" sl="30" sc="13" el="30" ec="14" bec="0" bev="0" fileid="13">
                  <TrackedMethodRefs>
                    <TrackedMethodRef uid="5" vc="1" />
                  </TrackedMethodRefs>
                </SequencePoint>
                <SequencePoint vc="1" uspid="195" ordinal="10" offset="108" sl="31" sc="17" el="31" ec="24" bec="0" bev="0" fileid="13">
                  <TrackedMethodRefs>
                    <TrackedMethodRef uid="5" vc="1" />
                  </TrackedMethodRefs>
                </SequencePoint>
                <SequencePoint vc="1" uspid="196" ordinal="11" offset="109" sl="31" sc="35" el="31" ec="49" bec="0" bev="0" fileid="13">
                  <TrackedMethodRefs>
                    <TrackedMethodRef uid="5" vc="1" />
                  </TrackedMethodRefs>
                </SequencePoint>
                <SequencePoint vc="1" uspid="197" ordinal="12" offset="122" sl="31" sc="26" el="31" ec="31" bec="0" bev="0" fileid="13">
                  <TrackedMethodRefs>
                    <TrackedMethodRef uid="5" vc="1" />
                  </TrackedMethodRefs>
                </SequencePoint>
                <SequencePoint vc="1" uspid="198" ordinal="13" offset="131" sl="32" sc="17" el="32" ec="18" bec="0" bev="0" fileid="13">
                  <TrackedMethodRefs>
                    <TrackedMethodRef uid="5" vc="1" />
                  </TrackedMethodRefs>
                </SequencePoint>
                <SequencePoint vc="1" uspid="199" ordinal="14" offset="132" sl="33" sc="21" el="35" ec="89" bec="2" bev="1" fileid="13">
                  <TrackedMethodRefs>
                    <TrackedMethodRef uid="5" vc="1" />
                  </TrackedMethodRefs>
                </SequencePoint>
                <SequencePoint vc="0" uspid="200" ordinal="15" offset="334" sl="36" sc="21" el="36" ec="22" bec="0" bev="0" fileid="13" />
                <SequencePoint vc="0" uspid="201" ordinal="16" offset="335" sl="37" sc="25" el="37" ec="31" bec="0" bev="0" fileid="13" />
                <SequencePoint vc="0" uspid="202" ordinal="17" offset="337" sl="38" sc="25" el="38" ec="31" bec="0" bev="0" fileid="13" />
                <SequencePoint vc="1" uspid="203" ordinal="18" offset="339" sl="41" sc="17" el="41" ec="18" bec="0" bev="0" fileid="13">
                  <TrackedMethodRefs>
                    <TrackedMethodRef uid="5" vc="1" />
                  </TrackedMethodRefs>
                </SequencePoint>
                <SequencePoint vc="2" uspid="204" ordinal="19" offset="340" sl="31" sc="32" el="31" ec="34" bec="0" bev="0" fileid="13">
                  <TrackedMethodRefs>
                    <TrackedMethodRef uid="5" vc="2" />
                  </TrackedMethodRefs>
                </SequencePoint>
                <SequencePoint vc="1" uspid="205" ordinal="20" offset="369" sl="42" sc="13" el="42" ec="14" bec="0" bev="0" fileid="13">
                  <TrackedMethodRefs>
                    <TrackedMethodRef uid="5" vc="1" />
                  </TrackedMethodRefs>
                </SequencePoint>
                <SequencePoint vc="2" uspid="206" ordinal="21" offset="370" sl="29" sc="28" el="29" ec="30" bec="0" bev="0" fileid="13">
                  <TrackedMethodRefs>
                    <TrackedMethodRef uid="5" vc="2" />
                  </TrackedMethodRefs>
                </SequencePoint>
                <SequencePoint vc="1" uspid="207" ordinal="22" offset="399" sl="44" sc="13" el="44" ec="35" bec="0" bev="0" fileid="13">
                  <TrackedMethodRefs>
                    <TrackedMethodRef uid="5" vc="1" />
                  </TrackedMethodRefs>
                </SequencePoint>
                <SequencePoint vc="1" uspid="208" ordinal="23" offset="407" sl="45" sc="9" el="45" ec="10" bec="0" bev="0" fileid="13">
                  <TrackedMethodRefs>
                    <TrackedMethodRef uid="5" vc="1" />
                  </TrackedMethodRefs>
                </SequencePoint>
              </SequencePoints>
              <BranchPoints>
                <BranchPoint vc="0" uspid="225" ordinal="16" offset="332" sl="33" path="0" offsetend="334" fileid="13" />
                <BranchPoint vc="1" uspid="226" ordinal="17" offset="332" sl="33" path="1" offsetend="339" fileid="13">
                  <TrackedMethodRefs>
                    <TrackedMethodRef uid="5" vc="1" />
                  </TrackedMethodRefs>
                </BranchPoint>
              </BranchPoints>
              <MethodPoint xsi:type="SequencePoint" vc="1" uspid="185" ordinal="0" offset="0" sl="19" sc="9" el="19" ec="10" bec="0" bev="0" fileid="13">
                <TrackedMethodRefs>
                  <TrackedMethodRef uid="5" vc="1" />
                </TrackedMethodRefs>
              </MethodPoint>
            </Method>
            <Method visited="true" cyclomaticComplexity="1" nPathComplexity="0" sequenceCoverage="100" branchCoverage="100" crapScore="1" isConstructor="false" isStatic="false" isGetter="false" isSetter="false">
              <Summary numSequencePoints="7" visitedSequencePoints="7" numBranchPoints="1" visitedBranchPoints="1" sequenceCoverage="100" branchCoverage="100" maxCyclomaticComplexity="1" minCyclomaticComplexity="1" maxCrapScore="1" minCrapScore="1" visitedClasses="0" numClasses="0" visitedMethods="1" numMethods="1" />
              <MetadataToken>100663299</MetadataToken>
              <Name>System.Void StyleCopDataParserLib.Test.StyleCopDataParserUnitTest::Given_Valid_File_When_Parse_Returned_Exptected_List_Size_1()</Name>
              <FileRef uid="13" />
              <SequencePoints>
                <SequencePoint vc="1" uspid="231" ordinal="0" offset="0" sl="48" sc="9" el="48" ec="10" bec="0" bev="0" fileid="13">
                  <TrackedMethodRefs>
                    <TrackedMethodRef uid="6" vc="1" />
                  </TrackedMethodRefs>
                </SequencePoint>
[...]
                  <TrackedMethodRefs>
                    <TrackedMethodRef uid="17" vc="1" />
                  </TrackedMethodRefs>
                </SequencePoint>
                <SequencePoint vc="1" uspid="771" ordinal="5" offset="28" sl="26" sc="13" el="26" ec="57" bec="0" bev="0" fileid="59">
                  <TrackedMethodRefs>
                    <TrackedMethodRef uid="17" vc="1" />
                  </TrackedMethodRefs>
                </SequencePoint>
                <SequencePoint vc="1" uspid="772" ordinal="6" offset="36" sl="27" sc="9" el="27" ec="10" bec="0" bev="0" fileid="59">
                  <TrackedMethodRefs>
                    <TrackedMethodRef uid="17" vc="1" />
                  </TrackedMethodRefs>
                </SequencePoint>
              </SequencePoints>
              <BranchPoints />
              <MethodPoint xsi:type="SequencePoint" vc="1" uspid="766" ordinal="0" offset="0" sl="21" sc="9" el="21" ec="10" bec="0" bev="0" fileid="59">
                <TrackedMethodRefs>
                  <TrackedMethodRef uid="17" vc="1" />
                </TrackedMethodRefs>
              </MethodPoint>
            </Method>
            <Method visited="true" cyclomaticComplexity="5" nPathComplexity="2" sequenceCoverage="72" branchCoverage="33.33" crapScore="5.55" isConstructor="false" isStatic="false" isGetter="false" isSetter="false">
              <Summary numSequencePoints="25" visitedSequencePoints="18" numBranchPoints="3" visitedBranchPoints="1" sequenceCoverage="72" branchCoverage="33.33" maxCyclomaticComplexity="5" minCyclomaticComplexity="5" maxCrapScore="5.55" minCrapScore="5.55" visitedClasses="0" numClasses="0" visitedMethods="1" numMethods="1" />
              <MetadataToken>100663299</MetadataToken>
              <Name>System.Void ToolParserConfigurationLib.Test.ToolParserConfigurationUnitTest::Given_Valid_File_When_Parse_Returned_Exptected_ListEqual()</Name>
              <FileRef uid="59" />
              <SequencePoints>
                <SequencePoint vc="1" uspid="773" ordinal="0" offset="0" sl="30" sc="9" el="30" ec="10" bec="0" bev="0" fileid="59">
                  <TrackedMethodRefs>
                    <TrackedMethodRef uid="18" vc="1" />
                  </TrackedMethodRefs>
                </SequencePoint>
                <SequencePoint vc="1" uspid="774" ordinal="1" offset="1" sl="32" sc="13" el="32" ec="87" bec="0" bev="0" fileid="59">
                  <TrackedMethodRefs>
                    <TrackedMethodRef uid="18" vc="1" />
                  </TrackedMethodRefs>
                </SequencePoint>
                <SequencePoint vc="1" uspid="775" ordinal="2" offset="7" sl="33" sc="13" el="33" ec="169" bec="0" bev="0" fileid="59">
                  <TrackedMethodRefs>
                    <TrackedMethodRef uid="18" vc="1" />
                  </TrackedMethodRefs>
                </SequencePoint>
                <SequencePoint vc="1" uspid="776" ordinal="3" offset="19" sl="34" sc="13" el="34" ec="90" bec="0" bev="0" fileid="59">
                  <TrackedMethodRefs>
                    <TrackedMethodRef uid="18" vc="1" />
                  </TrackedMethodRefs>
                </SequencePoint>
                <SequencePoint vc="1" uspid="777" ordinal="4" offset="25" sl="35" sc="13" el="36" ec="91" bec="0" bev="0" fileid="59">
                  <TrackedMethodRefs>
                    <TrackedMethodRef uid="18" vc="1" />
                  </TrackedMethodRefs>
                </SequencePoint>
                <SequencePoint vc="1" uspid="778" ordinal="5" offset="47" sl="37" sc="13" el="39" ec="17" bec="0" bev="0" fileid="59">
                  <TrackedMethodRefs>
                    <TrackedMethodRef uid="18" vc="1" />
                  </TrackedMethodRefs>
                </SequencePoint>
                <SequencePoint vc="1" uspid="779" ordinal="6" offset="69" sl="41" sc="13" el="41" ec="23" bec="0" bev="0" fileid="59">
                  <TrackedMethodRefs>
                    <TrackedMethodRef uid="18" vc="1" />
                  </TrackedMethodRefs>
                </SequencePoint>
                <SequencePoint vc="1" uspid="780" ordinal="7" offset="71" sl="42" sc="13" el="42" ec="20" bec="0" bev="0" fileid="59">
                  <TrackedMethodRefs>
                    <TrackedMethodRef uid="18" vc="1" />
                  </TrackedMethodRefs>
                </SequencePoint>
                <SequencePoint vc="1" uspid="781" ordinal="8" offset="72" sl="42" sc="31" el="42" ec="42" bec="0" bev="0" fileid="59">
                  <TrackedMethodRefs>
                    <TrackedMethodRef uid="18" vc="1" />
                  </TrackedMethodRefs>
                </SequencePoint>
                <SequencePoint vc="4" uspid="782" ordinal="9" offset="82" sl="42" sc="22" el="42" ec="27" bec="0" bev="0" fileid="59">
                  <TrackedMethodRefs>
                    <TrackedMethodRef uid="18" vc="4" />
                  </TrackedMethodRefs>
                </SequencePoint>
                <SequencePoint vc="4" uspid="783" ordinal="10" offset="91" sl="43" sc="13" el="43" ec="14" bec="0" bev="0" fileid="59">
                  <TrackedMethodRefs>
                    <TrackedMethodRef uid="18" vc="4" />
                  </TrackedMethodRefs>
                </SequencePoint>
                <SequencePoint vc="4" uspid="784" ordinal="11" offset="92" sl="44" sc="17" el="44" ec="24" bec="0" bev="0" fileid="59">
                  <TrackedMethodRefs>
                    <TrackedMethodRef uid="18" vc="4" />
                  </TrackedMethodRefs>
                </SequencePoint>
                <SequencePoint vc="4" uspid="785" ordinal="12" offset="93" sl="44" sc="35" el="44" ec="49" bec="0" bev="0" fileid="59">
                  <TrackedMethodRefs>
                    <TrackedMethodRef uid="18" vc="4" />
                  </TrackedMethodRefs>
                </SequencePoint>
                <SequencePoint vc="0" uspid="786" ordinal="13" offset="103" sl="44" sc="26" el="44" ec="31" bec="0" bev="0" fileid="59" />
                <SequencePoint vc="0" uspid="787" ordinal="14" offset="112" sl="45" sc="17" el="45" ec="18" bec="0" bev="0" fileid="59" />
                <SequencePoint vc="0" uspid="788" ordinal="15" offset="113" sl="46" sc="21" el="46" ec="68" bec="2" bev="0" fileid="59" />
                <SequencePoint vc="0" uspid="789" ordinal="16" offset="162" sl="47" sc="21" el="47" ec="22" bec="0" bev="0" fileid="59" />
                <SequencePoint vc="0" uspid="790" ordinal="17" offset="163" sl="48" sc="25" el="48" ec="31" bec="0" bev="0" fileid="59" />
                <SequencePoint vc="0" uspid="791" ordinal="18" offset="165" sl="49" sc="25" el="49" ec="31" bec="0" bev="0" fileid="59" />
                <SequencePoint vc="0" uspid="792" ordinal="19" offset="167" sl="52" sc="17" el="52" ec="18" bec="0" bev="0" fileid="59" />
                <SequencePoint vc="4" uspid="793" ordinal="20" offset="168" sl="44" sc="32" el="44" ec="34" bec="0" bev="0" fileid="59">
                  <TrackedMethodRefs>
                    <TrackedMethodRef uid="18" vc="4" />
                  </TrackedMethodRefs>
                </SequencePoint>
                <SequencePoint vc="4" uspid="794" ordinal="21" offset="194" sl="53" sc="13" el="53" ec="14" bec="0" bev="0" fileid="59">
                  <TrackedMethodRefs>
                    <TrackedMethodRef uid="18" vc="4" />
                  </TrackedMethodRefs>
                </SequencePoint>
                <SequencePoint vc="5" uspid="795" ordinal="22" offset="195" sl="42" sc="28" el="42" ec="30" bec="0" bev="0" fileid="59">
                  <TrackedMethodRefs>
                    <TrackedMethodRef uid="18" vc="5" />
                  </TrackedMethodRefs>
                </SequencePoint>
                <SequencePoint vc="1" uspid="796" ordinal="23" offset="221" sl="55" sc="13" el="55" ec="35" bec="0" bev="0" fileid="59">
                  <TrackedMethodRefs>
                    <TrackedMethodRef uid="18" vc="1" />
                  </TrackedMethodRefs>
                </SequencePoint>
                <SequencePoint vc="1" uspid="797" ordinal="24" offset="229" sl="56" sc="9" el="56" ec="10" bec="0" bev="0" fileid="59">
                  <TrackedMethodRefs>
                    <TrackedMethodRef uid="18" vc="1" />
                  </TrackedMethodRefs>
                </SequencePoint>
              </SequencePoints>
              <BranchPoints>
                <BranchPoint vc="0" uspid="800" ordinal="2" offset="160" sl="46" path="0" offsetend="162" fileid="59" />
                <BranchPoint vc="0" uspid="801" ordinal="3" offset="160" sl="46" path="1" offsetend="167" fileid="59" />
              </BranchPoints>
              <MethodPoint xsi:type="SequencePoint" vc="1" uspid="773" ordinal="0" offset="0" sl="30" sc="9" el="30" ec="10" bec="0" bev="0" fileid="59">
                <TrackedMethodRefs>
                  <TrackedMethodRef uid="18" vc="1" />
                </TrackedMethodRefs>
              </MethodPoint>
            </Method>
            <Method visited="false" cyclomaticComplexity="1" nPathComplexity="0" sequenceCoverage="0" branchCoverage="0" crapScore="2" isConstructor="true" isStatic="false" isGetter="false" isSetter="false">
              <Summary numSequencePoints="0" visitedSequencePoints="0" numBranchPoints="0" visitedBranchPoints="0" sequenceCoverage="0" branchCoverage="0" maxCyclomaticComplexity="1" minCyclomaticComplexity="1" maxCrapScore="2" minCrapScore="2" visitedClasses="0" numClasses="0" visitedMethods="0" numMethods="0" />
              <MetadataToken>100663300</MetadataToken>
              <Name>System.Void ToolParserConfigurationLib.Test.ToolParserConfigurationUnitTest::.ctor()</Name>
              <SequencePoints />
              <BranchPoints />
              <MethodPoint vc="0" uspid="806" ordinal="0" offset="0" />
            </Method>
          </Methods>
        </Class>
      </Classes>
      <TrackedMethods>
        <TrackedMethod uid="16" token="100663297" name="System.Void ToolParserConfigurationLib.Test.ToolParserConfigurationUnitTest::GivenFile_WhenLoadInvoked_ExptectedFileNotFound()" strategy="MSTestTest" />
        <TrackedMethod uid="17" token="100663298" name="System.Void ToolParserConfigurationLib.Test.ToolParserConfigurationUnitTest::Given_Valid_File_When_Parse_Returned_Exptected_List_Size_10()" strategy="MSTestTest" />
        <TrackedMethod uid="18" token="100663299" name="System.Void ToolParserConfigurationLib.Test.ToolParserConfigurationUnitTest::Given_Valid_File_When_Parse_Returned_Exptected_ListEqual()" strategy="MSTestTest" />
      </TrackedMethods>
    </Module>
    <Module hash="17-14-55-7C-FA-72-84-9B-DB-B2-6A-BF-F0-62-E2-3B-58-2B-B9-DD">
      <Summary numSequencePoints="18" visitedSequencePoints="5" numBranchPoints="2" visitedBranchPoints="1" sequenceCoverage="27.78" branchCoverage="50" maxCyclomaticComplexity="1" minCyclomaticComplexity="1" maxCrapScore="2" minCrapScore="1.00" visitedClasses="1" numClasses="1" visitedMethods="1" numMethods="2" />
      <ModulePath>C:\Users\320068391\source\repos\StaticAnalyzerWebServiceSolution\ToolRunnerLib.Test\bin\Debug\ToolRunnerLib.Test.dll</ModulePath>
      <ModuleTime>2019-09-18T06:47:39.2636136Z</ModuleTime>
      <ModuleName>ToolRunnerLib.Test</ModuleName>
      <Files>
        <File uid="65" fullPath="C:\Users\320068391\source\repos\StaticAnalyzerWebServiceSolution\ToolRunnerLib.Test\ToolsRunnerUnitTest.cs" />
      </Files>
      <Classes>
        <Class>
          <Summary numSequencePoints="18" visitedSequencePoints="5" numBranchPoints="2" visitedBranchPoints="1" sequenceCoverage="27.78" branchCoverage="50" maxCyclomaticComplexity="1" minCyclomaticComplexity="1" maxCrapScore="2" minCrapScore="1.00" visitedClasses="1" numClasses="1" visitedMethods="1" numMethods="2" />
          <FullName>ToolRunnerLib.Test.ToolsRunnerUnitTest</FullName>
          <Methods>
            <Method visited="true" cyclomaticComplexity="1" nPathComplexity="0" sequenceCoverage="83.33" branchCoverage="100" crapScore="1.00" isConstructor="false" isStatic="false" isGetter="false" isSetter="false">
              <Summary numSequencePoints="6" visitedSequencePoints="5" numBranchPoints="1" visitedBranchPoints="1" sequenceCoverage="83.33" branchCoverage="100" maxCyclomaticComplexity="1" minCyclomaticComplexity="1" maxCrapScore="1.00" minCrapScore="1.00" visitedClasses="0" numClasses="0" visitedMethods="1" numMethods="1" />
              <MetadataToken>100663297</MetadataToken>
              <Name>System.Void ToolRunnerLib.Test.ToolsRunnerUnitTest::Given_WhenLoadInvoked_ExptectedFileNotFound()</Name>
              <FileRef uid="65" />
              <SequencePoints>
                <SequencePoint vc="1" uspid="843" ordinal="0" offset="0" sl="15" sc="9" el="15" ec="10" bec="0" bev="0" fileid="65">
                  <TrackedMethodRefs>
                    <TrackedMethodRef uid="19" vc="1" />
                  </TrackedMethodRefs>
                </SequencePoint>
                <SequencePoint vc="1" uspid="844" ordinal="1" offset="1" sl="16" sc="13" el="16" ec="57" bec="0" bev="0" fileid="65">
                  <TrackedMethodRefs>
                    <TrackedMethodRef uid="19" vc="1" />
                  </TrackedMethodRefs>
                </SequencePoint>
                <SequencePoint vc="1" uspid="845" ordinal="2" offset="7" sl="17" sc="13" el="17" ec="57" bec="0" bev="0" fileid="65">
                  <TrackedMethodRefs>
                    <TrackedMethodRef uid="19" vc="1" />
                  </TrackedMethodRefs>
                </SequencePoint>
                <SequencePoint vc="1" uspid="846" ordinal="3" offset="13" sl="18" sc="13" el="18" ec="54" bec="0" bev="0" fileid="65">
                  <TrackedMethodRefs>
                    <TrackedMethodRef uid="19" vc="1" />
                  </TrackedMethodRefs>
                </SequencePoint>
                <SequencePoint vc="1" uspid="847" ordinal="4" offset="19" sl="20" sc="13" el="20" ec="48" bec="0" bev="0" fileid="65">
                  <TrackedMethodRefs>
                    <TrackedMethodRef uid="19" vc="1" />
                  </TrackedMethodRefs>
                </SequencePoint>
                <SequencePoint vc="0" uspid="848" ordinal="5" offset="28" sl="21" sc="9" el="21" ec="10" bec="0" bev="0" fileid="65" />
              </SequencePoints>
              <BranchPoints />
              <MethodPoint xsi:type="SequencePoint" vc="1" uspid="843" ordinal="0" offset="0" sl="15" sc="9" el="15" ec="10" bec="0" bev="0" fileid="65">
                <TrackedMethodRefs>
                  <TrackedMethodRef uid="19" vc="1" />
                </TrackedMethodRefs>
              </MethodPoint>
            </Method>
            <Method visited="false" cyclomaticComplexity="1" nPathComplexity="0" sequenceCoverage="0" branchCoverage="0" crapScore="2" isConstructor="false" isStatic="false" isGetter="false" isSetter="false">
              <Summary numSequencePoints="12" visitedSequencePoints="0" numBranchPoints="1" visitedBranchPoints="0" sequenceCoverage="0" branchCoverage="0" maxCyclomaticComplexity="1" minCyclomaticComplexity="1" maxCrapScore="2" minCrapScore="2" visitedClasses="0" numClasses="0" visitedMethods="0" numMethods="1" />
              <MetadataToken>100663298</MetadataToken>
              <Name>System.Void ToolRunnerLib.Test.ToolsRunnerUnitTest::Given_Parameters_When_RunTools_Invoked_Then_Expected_To_Call_ExecuteTool_Method_Once()</Name>
              <FileRef uid="65" />
              <SequencePoints>
                <SequencePoint vc="0" uspid="849" ordinal="0" offset="6" sl="23" sc="9" el="23" ec="10" bec="0" bev="0" fileid="65" />
                <SequencePoint vc="0" uspid="850" ordinal="1" offset="7" sl="24" sc="13" el="24" ec="58" bec="0" bev="0" fileid="65" />
                <SequencePoint vc="0" uspid="851" ordinal="2" offset="13" sl="27" sc="13" el="27" ec="57" bec="0" bev="0" fileid="65" />
                <SequencePoint vc="0" uspid="852" ordinal="3" offset="19" sl="30" sc="13" el="30" ec="46" bec="0" bev="0" fileid="65" />
                <SequencePoint vc="0" uspid="853" ordinal="4" offset="26" sl="31" sc="13" el="31" ec="45" bec="0" bev="0" fileid="65" />
                <SequencePoint vc="0" uspid="854" ordinal="5" offset="34" sl="34" sc="13" el="34" ec="57" bec="0" bev="0" fileid="65" />
                <SequencePoint vc="0" uspid="855" ordinal="6" offset="45" sl="38" sc="13" el="42" ec="20" bec="0" bev="0" fileid="65" />
                <SequencePoint vc="0" uspid="856" ordinal="7" offset="82" sl="44" sc="13" el="44" ec="54" bec="0" bev="0" fileid="65" />
                <SequencePoint vc="0" uspid="857" ordinal="8" offset="93" sl="45" sc="13" el="45" ec="115" bec="0" bev="0" fileid="65" />
                <SequencePoint vc="0" uspid="858" ordinal="9" offset="110" sl="48" sc="13" el="48" ec="49" bec="0" bev="0" fileid="65" />
                <SequencePoint vc="0" uspid="859" ordinal="10" offset="129" sl="51" sc="13" el="52" ec="75" bec="0" bev="0" fileid="65" />
                <SequencePoint vc="0" uspid="860" ordinal="11" offset="538" sl="54" sc="9" el="54" ec="10" bec="0" bev="0" fileid="65" />
              </SequencePoints>
              <BranchPoints />
              <MethodPoint vc="0" uspid="861" ordinal="0" offset="0" />
            </Method>
            <Method visited="false" cyclomaticComplexity="1" nPathComplexity="0" sequenceCoverage="0" branchCoverage="0" crapScore="2" isConstructor="true" isStatic="false" isGetter="false" isSetter="false">
              <Summary numSequencePoints="0" visitedSequencePoints="0" numBranchPoints="0" visitedBranchPoints="0" sequenceCoverage="0" branchCoverage="0" maxCyclomaticComplexity="1" minCyclomaticComplexity="1" maxCrapScore="2" minCrapScore="2" visitedClasses="0" numClasses="0" visitedMethods="0" numMethods="0" />
              <MetadataToken>100663299</MetadataToken>
              <Name>System.Void ToolRunnerLib.Test.ToolsRunnerUnitTest::.ctor()</Name>
              <SequencePoints />
              <BranchPoints />
              <MethodPoint vc="0" uspid="862" ordinal="0" offset="0" />
            </Method>
          </Methods>
        </Class>
        <Class>
          <Summary numSequencePoints="0" visitedSequencePoints="0" numBranchPoints="0" visitedBranchPoints="0" sequenceCoverage="0" branchCoverage="0" maxCyclomaticComplexity="1" minCyclomaticComplexity="1" maxCrapScore="2" minCrapScore="2" visitedClasses="0" numClasses="0" visitedMethods="0" numMethods="0" />
          <FullName>ToolRunnerLib.Test.ToolsRunnerUnitTest/&lt;&gt;c__DisplayClass1_0</FullName>
          <Methods>
            <Method visited="false" cyclomaticComplexity="1" nPathComplexity="0" sequenceCoverage="0" branchCoverage="0" crapScore="2" isConstructor="true" isStatic="false" isGetter="false" isSetter="false">
              <Summary numSequencePoints="0" visitedSequencePoints="0" numBranchPoints="0" visitedBranchPoints="0" sequenceCoverage="0" branchCoverage="0" maxCyclomaticComplexity="1" minCyclomaticComplexity="1" maxCrapScore="2" minCrapScore="2" visitedClasses="0" numClasses="0" visitedMethods="0" numMethods="0" />
              <MetadataToken>100663300</MetadataToken>
              <Name>System.Void ToolRunnerLib.Test.ToolsRunnerUnitTest/&lt;&gt;c__DisplayClass1_0::.ctor()</Name>
              <SequencePoints />
              <BranchPoints />
              <MethodPoint vc="0" uspid="863" ordinal="0" offset="0" />
            </Method>
          </Methods>
        </Class>
      </Classes>
      <TrackedMethods>
        <TrackedMethod uid="19" token="100663297" name="System.Void ToolRunnerLib.Test.ToolsRunnerUnitTest::Given_WhenLoadInvoked_ExptectedFileNotFound()" strategy="MSTestTest" />
      </TrackedMethods>
    </Module>
  </Modules>
</CoverageSession>